0	2	5	7.0000	0.0024	0.0020	1.0000	0.9820	VOC2012/JPEGImages/2010_004048.jpg
1	2	5	7.0000	0.0020	0.0637	0.8320	1.0000	VOC2012/JPEGImages/2008_006810.jpg
2	2	5	3.0000	0.4180	0.3040	0.5140	0.4427	VOC2012/JPEGImages/2008_006720.jpg
3	2	5	19.0000	0.7120	0.2372	0.8820	0.4835	11.0000	0.4820	0.3874	0.6140	0.5255	VOC2012/JPEGImages/2010_004586.jpg
4	2	5	13.0000	0.1120	0.1078	0.7400	0.9701	14.0000	0.1620	0.1168	0.4900	0.6347	VOC2007/JPEGImages/005884.jpg
5	2	5	3.0000	0.0020	0.2252	0.3180	0.4324	3.0000	0.0560	0.2883	0.8700	0.8859	VOC2007/JPEGImages/007289.jpg
6	2	5	7.0000	0.3280	0.3483	0.5120	0.6186	15.0000	0.1620	0.0030	0.9460	0.9760	VOC2007/JPEGImages/004455.jpg
7	2	5	11.0000	0.3380	0.3283	0.7940	0.8389	VOC2007/JPEGImages/002364.jpg
8	2	5	3.0000	0.0020	0.1013	0.5820	0.6907	3.0000	0.3840	0.3600	0.8720	0.6933	14.0000	0.7860	0.6960	0.8360	0.8027	14.0000	0.7600	0.6880	0.7880	0.7680	14.0000	0.6880	0.6587	0.7160	0.7760	14.0000	0.9520	0.6880	1.0000	0.8240	VOC2007/JPEGImages/003669.jpg
9	2	5	11.0000	0.2820	0.2533	0.6780	0.8533	11.0000	0.5120	0.1680	0.8000	0.7200	VOC2012/JPEGImages/2008_006049.jpg
10	2	5	14.0000	0.4580	0.0880	0.7020	1.0000	14.0000	0.1720	0.1893	0.3980	0.8480	14.0000	0.3700	0.1120	0.5120	0.5947	14.0000	0.5120	0.0027	0.5920	0.1600	14.0000	0.6080	0.0107	0.7240	0.7600	14.0000	0.1260	0.0693	0.2220	0.5573	14.0000	0.0040	0.0880	0.0880	0.2960	14.0000	0.0760	0.5813	0.2020	0.6933	14.0000	0.0020	0.4427	0.1600	0.8693	VOC2012/JPEGImages/2008_004510.jpg
11	2	5	12.0000	0.0030	0.0780	0.8979	0.9220	VOC2012/JPEGImages/2008_008421.jpg
12	2	5	1.0000	0.1780	0.0330	0.8980	0.9670	VOC2012/JPEGImages/2010_001183.jpg
13	2	5	0.0000	0.2640	0.3731	0.7900	0.5791	VOC2012/JPEGImages/2008_001971.jpg
14	2	5	18.0000	0.2960	0.0667	0.8840	0.9194	14.0000	0.3260	0.5056	0.3440	0.5750	14.0000	0.3020	0.5167	0.3180	0.5611	VOC2012/JPEGImages/2008_001114.jpg
15	2	5	6.0000	0.5400	0.6138	0.8380	0.8915	5.0000	0.2320	0.6085	0.3480	0.8307	6.0000	0.0880	0.7434	0.1260	0.7857	6.0000	0.0220	0.7487	0.0720	0.7963	VOC2007/JPEGImages/008848.jpg
16	2	5	14.0000	0.5260	0.4444	0.7280	1.0000	1.0000	0.5640	0.7177	0.7060	1.0000	VOC2007/JPEGImages/005410.jpg
17	2	5	6.0000	0.3080	0.1377	0.8800	0.7395	VOC2007/JPEGImages/003092.jpg
18	2	5	12.0000	0.2360	0.2025	0.7860	0.9037	14.0000	0.4080	0.3185	0.5660	0.9235	VOC2012/JPEGImages/2008_003447.jpg
19	2	5	18.0000	0.0840	0.3832	0.7200	0.6527	14.0000	0.6720	0.5269	0.7140	0.6257	14.0000	0.8660	0.5000	0.9120	0.5808	14.0000	0.1320	0.6078	0.2000	0.7036	VOC2012/JPEGImages/2009_004406.jpg
20	2	5	2.0000	0.0020	0.0525	0.8560	1.0000	VOC2012/JPEGImages/2011_001866.jpg
21	2	5	3.0000	0.0840	0.0027	1.0000	1.0000	14.0000	0.5300	0.4133	0.6000	0.6053	14.0000	0.5860	0.4347	0.6740	0.5787	14.0000	0.7840	0.5067	0.8480	0.6160	14.0000	0.8840	0.5147	0.9320	0.5947	14.0000	0.8340	0.5467	0.9020	0.6240	14.0000	0.3600	0.5067	0.3940	0.5787	14.0000	0.4740	0.4800	0.5180	0.6160	14.0000	0.4100	0.4800	0.4680	0.6107	14.0000	0.3860	0.4800	0.4100	0.5893	VOC2012/JPEGImages/2011_002588.jpg
22	2	5	0.0000	0.0340	0.1538	1.0000	0.9911	14.0000	0.3820	0.2840	0.6820	1.0000	VOC2012/JPEGImages/2008_006631.jpg
23	2	5	6.0000	0.5867	0.5740	0.7280	0.7220	6.0000	0.1200	0.5220	0.4453	0.7740	6.0000	0.4133	0.5780	0.4960	0.7360	6.0000	0.4560	0.5860	0.5893	0.6940	6.0000	0.6747	0.5720	0.7867	0.7660	6.0000	0.7093	0.4700	0.8853	0.7880	6.0000	0.0027	0.2120	0.4587	0.9180	6.0000	0.2187	0.2740	0.6533	0.3900	6.0000	0.6213	0.2220	1.0000	0.4940	VOC2012/JPEGImages/2011_002143.jpg
24	2	5	0.0000	0.0340	0.1731	0.9800	0.6836	VOC2012/JPEGImages/2009_003066.jpg
25	2	5	7.0000	0.0025	0.0840	0.8861	0.9920	VOC2007/JPEGImages/008885.jpg
26	2	5	4.0000	0.7100	0.1040	0.8260	0.7040	4.0000	0.8260	0.1733	0.9300	0.7147	4.0000	0.9280	0.4427	1.0000	1.0000	VOC2007/JPEGImages/004333.jpg
27	2	5	14.0000	0.7800	0.2523	0.9200	0.4650	14.0000	0.2020	0.0608	0.3300	0.4559	VOC2007/JPEGImages/001066.jpg
28	2	5	15.0000	0.6200	0.2267	0.8320	0.9040	VOC2012/JPEGImages/2009_001229.jpg
29	2	5	0.0000	0.2220	0.3040	0.8820	0.6373	VOC2012/JPEGImages/2008_008765.jpg
30	2	5	14.0000	0.0040	0.5766	0.0640	0.7958	14.0000	0.0400	0.5556	0.1360	0.7508	14.0000	0.0960	0.5706	0.1520	0.7568	14.0000	0.1500	0.5736	0.2000	0.8408	14.0000	0.2160	0.5375	0.2860	0.7508	14.0000	0.9460	0.5976	0.9780	0.7027	8.0000	0.3480	0.5916	0.3940	0.7147	8.0000	0.3060	0.5796	0.3600	0.7177	8.0000	0.4540	0.5856	0.4900	0.7027	10.0000	0.3760	0.6066	0.4400	0.7147	VOC2007/JPEGImages/000591.jpg
31	2	5	8.0000	0.5060	0.6160	0.8420	1.0000	8.0000	0.7220	0.7707	1.0000	1.0000	VOC2012/JPEGImages/2009_002236.jpg
32	2	5	19.0000	0.0560	0.5877	0.1820	0.7573	8.0000	0.0340	0.7427	0.1820	1.0000	17.0000	0.5180	0.6579	1.0000	1.0000	8.0000	0.0040	0.6725	0.0600	0.8275	15.0000	0.0040	0.5380	0.0700	0.7749	15.0000	0.3240	0.3158	0.3560	0.4211	15.0000	0.3540	0.3129	0.3980	0.4152	15.0000	0.3900	0.3246	0.4320	0.4152	15.0000	0.4560	0.3187	0.5140	0.3743	15.0000	0.5280	0.3129	0.5720	0.3801	15.0000	0.5920	0.3070	0.6500	0.4152	15.0000	0.6460	0.3012	0.7000	0.4094	15.0000	0.6760	0.4737	0.7140	0.5439	15.0000	0.6180	0.4357	0.6800	0.5468	15.0000	0.5920	0.4357	0.6320	0.5439	15.0000	0.3160	0.4357	0.3500	0.5468	15.0000	0.3540	0.4620	0.3840	0.5468	15.0000	0.3820	0.4825	0.4040	0.5409	15.0000	0.4060	0.4561	0.4340	0.5409	15.0000	0.3160	0.5556	0.3620	0.6608	15.0000	0.3360	0.5936	0.3620	0.6637	15.0000	0.4020	0.5614	0.4300	0.6579	15.0000	0.4500	0.4357	0.4800	0.5029	15.0000	0.4740	0.4064	0.5040	0.5029	15.0000	0.5060	0.4064	0.5400	0.5058	15.0000	0.5360	0.4240	0.5680	0.5029	15.0000	0.4480	0.5205	0.4940	0.6813	15.0000	0.4880	0.5906	0.5280	0.6784	15.0000	0.5180	0.5585	0.5720	0.6520	15.0000	0.6400	0.5643	0.6820	0.6550	15.0000	0.5920	0.5585	0.6360	0.6579	15.0000	0.6160	0.5643	0.6560	0.6637	VOC2012/JPEGImages/2011_002810.jpg
33	2	5	17.0000	0.1860	0.1947	0.6500	0.5253	VOC2012/JPEGImages/2011_001974.jpg
34	2	5	0.0000	0.0020	0.1731	1.0000	0.8269	0.0000	0.7920	0.0030	0.9120	0.1731	VOC2012/JPEGImages/2009_004492.jpg
35	2	5	17.0000	0.0140	0.0200	0.9820	0.9880	VOC2012/JPEGImages/2008_005623.jpg
36	2	5	2.0000	0.0023	0.2580	0.3605	0.8960	VOC2012/JPEGImages/2011_000246.jpg
37	2	5	16.0000	0.8100	0.6309	0.9980	0.8665	16.0000	0.5220	0.5838	0.7820	0.9005	16.0000	0.3160	0.5236	0.5820	0.8298	16.0000	0.2120	0.4817	0.3560	0.7513	16.0000	0.1560	0.5497	0.2600	0.7199	16.0000	0.8140	0.6911	0.9060	0.8220	VOC2012/JPEGImages/2011_000404.jpg
38	2	5	6.0000	0.0625	0.3258	0.9450	0.7528	VOC2012/JPEGImages/2008_000399.jpg
39	2	5	8.0000	0.7787	0.2560	1.0000	0.8680	14.0000	0.0053	0.3740	1.0000	1.0000	14.0000	0.0960	0.4140	0.7280	1.0000	11.0000	0.9013	0.3860	1.0000	0.5480	VOC2007/JPEGImages/004692.jpg
40	2	5	7.0000	0.4540	0.4789	0.8680	1.0000	7.0000	0.0020	0.2952	0.6000	1.0000	VOC2012/JPEGImages/2010_002533.jpg
41	2	5	3.0000	0.1840	0.1840	0.8460	1.0000	VOC2012/JPEGImages/2010_002899.jpg
42	2	5	11.0000	0.0700	0.0533	1.0000	1.0000	VOC2012/JPEGImages/2009_003612.jpg
43	2	5	14.0000	0.7320	0.1893	0.9940	1.0000	14.0000	0.5120	0.1840	0.7540	0.7600	14.0000	0.2780	0.2747	0.4140	0.6747	14.0000	0.3240	0.2107	0.5440	0.7093	14.0000	0.0980	0.4747	0.3260	1.0000	14.0000	0.2200	0.5227	0.4880	1.0000	14.0000	0.4060	0.5760	0.7860	1.0000	VOC2007/JPEGImages/007763.jpg
44	2	5	4.0000	0.2940	0.3422	0.5180	0.7005	14.0000	0.2240	0.0027	1.0000	1.0000	VOC2012/JPEGImages/2010_000131.jpg
45	2	5	16.0000	0.0020	0.3283	0.7620	1.0000	VOC2012/JPEGImages/2010_005719.jpg
46	2	5	19.0000	0.4960	0.4054	0.7260	0.6426	17.0000	0.8700	0.5646	1.0000	1.0000	VOC2012/JPEGImages/2008_007010.jpg
47	2	5	10.0000	0.2400	0.5333	0.8060	1.0000	4.0000	0.4500	0.4373	0.4860	0.5573	14.0000	0.6080	0.3013	0.8320	0.7307	14.0000	0.7560	0.3920	0.9020	0.8560	14.0000	0.8380	0.3947	1.0000	1.0000	14.0000	0.0020	0.4320	0.2520	1.0000	14.0000	0.0920	0.3040	0.3220	0.9333	14.0000	0.1740	0.3227	0.3460	0.7147	14.0000	0.5220	0.0880	0.5980	0.5253	14.0000	0.6220	0.1040	0.7420	0.3093	14.0000	0.5480	0.0747	0.6420	0.2507	14.0000	0.8100	0.2027	0.8780	0.3360	14.0000	0.8900	0.1787	0.9280	0.2613	14.0000	0.9500	0.1760	0.9940	0.3120	14.0000	0.9160	0.1787	0.9600	0.3013	10.0000	0.8460	0.3200	1.0000	0.3973	VOC2012/JPEGImages/2008_002079.jpg
48	2	5	16.0000	0.7140	0.6240	0.8800	0.7760	16.0000	0.8180	0.6987	1.0000	1.0000	16.0000	0.3000	0.7227	0.5800	1.0000	16.0000	0.0560	0.5493	0.2160	0.6907	16.0000	0.0020	0.7493	0.3100	1.0000	16.0000	0.0020	0.6640	0.1400	0.7893	16.0000	0.8880	0.6213	1.0000	0.7387	16.0000	0.3800	0.5760	0.5020	0.7493	16.0000	0.0020	0.5867	0.0960	0.6853	VOC2012/JPEGImages/2009_001263.jpg
49	2	5	16.0000	0.5540	0.2827	0.9660	0.7120	6.0000	0.0020	0.0053	0.9020	0.5147	VOC2007/JPEGImages/000233.jpg
50	2	5	7.0000	0.0160	0.4236	0.4140	1.0000	11.0000	0.5440	0.2396	0.9480	0.6910	VOC2007/JPEGImages/002034.jpg
51	2	5	10.0000	0.4660	0.6773	1.0000	1.0000	14.0000	0.1000	0.3227	0.2780	1.0000	14.0000	0.3100	0.4693	0.4880	1.0000	14.0000	0.8100	0.5733	1.0000	0.9067	14.0000	0.7820	0.6480	0.8840	0.8027	14.0000	0.6500	0.6187	0.7620	0.7813	14.0000	0.6300	0.5973	0.7100	0.7360	14.0000	0.6220	0.3867	0.7420	0.7173	14.0000	0.5320	0.5573	0.6120	0.6933	14.0000	0.5180	0.4960	0.6300	0.6960	14.0000	0.4660	0.5173	0.5420	0.6613	14.0000	0.4280	0.5093	0.4980	0.6373	14.0000	0.4020	0.4720	0.4460	0.5733	14.0000	0.1940	0.3893	0.2640	0.5413	14.0000	0.0960	0.4453	0.1460	0.7093	14.0000	0.0020	0.4773	0.0920	0.5893	14.0000	0.0020	0.5173	0.0400	0.6480	10.0000	0.0020	0.7307	0.1020	1.0000	10.0000	0.0020	0.5760	0.1060	0.7413	10.0000	0.4540	0.6347	0.5260	0.8960	VOC2012/JPEGImages/2011_002556.jpg
52	2	5	12.0000	0.0460	0.0855	0.9460	0.9373	VOC2012/JPEGImages/2010_000923.jpg
53	2	5	6.0000	0.1226	0.3040	0.6761	0.6160	6.0000	0.6792	0.3440	0.9780	0.5580	6.0000	0.0031	0.3060	0.1478	0.4880	14.0000	0.8176	0.2760	0.9906	0.5900	14.0000	0.9340	0.3300	1.0000	0.6180	14.0000	0.8176	0.3000	0.8805	0.3660	14.0000	0.6509	0.3120	0.7170	0.4260	14.0000	0.5660	0.3000	0.6415	0.4200	14.0000	0.0409	0.2660	0.1101	0.3420	14.0000	0.1006	0.2760	0.1667	0.3900	14.0000	0.1698	0.2980	0.2170	0.3900	VOC2012/JPEGImages/2009_000021.jpg
54	2	5	8.0000	0.4460	0.4667	0.5540	0.5307	8.0000	0.3160	0.4960	0.4700	0.8293	8.0000	0.6620	0.4720	0.7740	0.7760	8.0000	0.6800	0.5307	0.8240	0.8347	8.0000	0.4920	0.5920	0.7200	1.0000	8.0000	0.2840	0.5707	0.5120	0.9627	15.0000	0.1720	0.4827	0.2680	0.5813	15.0000	0.0980	0.2560	0.1920	0.6480	VOC2007/JPEGImages/006605.jpg
55	2	5	2.0000	0.1540	0.3982	0.8620	0.9434	2.0000	0.0120	0.0294	0.9620	0.4661	VOC2012/JPEGImages/2009_000218.jpg
56	2	5	11.0000	0.0027	0.0400	0.9382	0.7860	VOC2012/JPEGImages/2010_002005.jpg
57	2	5	7.0000	0.2100	0.0320	1.0000	1.0000	VOC2007/JPEGImages/005559.jpg
58	2	5	8.0000	0.9080	0.6773	1.0000	0.8000	8.0000	0.8880	0.8267	1.0000	1.0000	8.0000	0.0020	0.7920	0.1580	0.9973	14.0000	0.1560	0.1013	0.4700	1.0000	14.0000	0.3780	0.0827	0.7260	1.0000	14.0000	0.3720	0.0907	0.9120	1.0000	14.0000	0.0020	0.5707	0.1100	1.0000	14.0000	0.0320	0.5680	0.1580	0.7733	14.0000	0.8840	0.4987	1.0000	0.7653	14.0000	0.8620	0.5493	0.9200	0.6533	VOC2012/JPEGImages/2010_003632.jpg
59	2	5	11.0000	0.2720	0.1283	0.8040	0.7408	VOC2012/JPEGImages/2008_003347.jpg
60	2	5	15.0000	0.5220	0.0027	0.6700	0.4000	14.0000	0.3000	0.2827	0.6460	1.0000	8.0000	0.2260	0.4533	0.7340	1.0000	8.0000	0.3000	0.3467	0.7240	0.6240	VOC2012/JPEGImages/2011_000957.jpg
61	2	5	8.0000	0.2220	0.1171	0.5840	1.0000	VOC2012/JPEGImages/2008_001715.jpg
62	2	5	7.0000	0.5120	0.0841	1.0000	0.8318	7.0000	0.0020	0.0210	0.5460	0.8829	VOC2007/JPEGImages/002760.jpg
63	2	5	13.0000	0.4340	0.4960	0.5500	0.7200	14.0000	0.4420	0.3680	0.5580	0.6507	13.0000	0.0560	0.5040	0.1080	0.5600	14.0000	0.0600	0.4667	0.0900	0.5493	VOC2012/JPEGImages/2008_008466.jpg
64	2	5	5.0000	0.0720	0.3867	0.9360	0.7333	VOC2012/JPEGImages/2009_000135.jpg
65	2	5	16.0000	0.0020	0.0080	0.5960	1.0000	VOC2007/JPEGImages/001191.jpg
66	2	5	2.0000	0.5520	0.7840	0.7760	0.9060	VOC2007/JPEGImages/005006.jpg
67	2	5	4.0000	0.3532	0.0020	0.7886	1.0000	VOC2012/JPEGImages/2008_004659.jpg
68	2	5	9.0000	0.2660	0.0030	1.0000	0.8949	9.0000	0.0020	0.4985	0.2580	0.8408	VOC2012/JPEGImages/2010_003821.jpg
69	2	5	12.0000	0.3500	0.0960	1.0000	1.0000	VOC2012/JPEGImages/2009_000312.jpg
70	2	5	6.0000	0.1660	0.7706	0.2820	0.9091	VOC2012/JPEGImages/2008_006037.jpg
71	2	5	7.0000	0.1898	0.0820	1.0000	0.9760	VOC2012/JPEGImages/2008_001290.jpg
72	2	5	18.0000	0.0020	0.1680	0.7500	0.7547	VOC2012/JPEGImages/2010_003274.jpg
73	2	5	6.0000	0.0030	0.8249	0.1775	0.9105	6.0000	0.7189	0.8093	0.9290	0.9183	6.0000	0.8964	0.8288	1.0000	0.8872	VOC2012/JPEGImages/2009_003386.jpg
74	2	5	2.0000	0.1100	0.1682	0.8780	0.9790	VOC2007/JPEGImages/002276.jpg
75	2	5	12.0000	0.0140	0.3893	0.3060	0.8560	12.0000	0.2520	0.3893	0.5080	0.8880	14.0000	0.2060	0.4560	0.2740	0.7680	14.0000	0.1500	0.4187	0.2740	1.0000	14.0000	0.6820	0.3707	0.7660	0.7093	14.0000	0.6140	0.3333	0.6620	0.4160	14.0000	0.5780	0.3280	0.5980	0.4133	14.0000	0.5880	0.3333	0.6220	0.4107	14.0000	0.3000	0.3707	0.3260	0.4080	14.0000	0.3300	0.3600	0.3560	0.3973	14.0000	0.3640	0.3440	0.3880	0.3920	14.0000	0.3900	0.3333	0.4100	0.3573	VOC2012/JPEGImages/2011_000628.jpg
76	2	5	12.0000	0.2042	0.0320	1.0000	0.9340	VOC2012/JPEGImages/2009_004815.jpg
77	2	5	6.0000	0.4420	0.5225	0.6120	0.6366	VOC2007/JPEGImages/002647.jpg
78	2	5	3.0000	0.0020	0.0030	0.9740	1.0000	3.0000	0.5840	0.3123	0.8620	0.5616	VOC2012/JPEGImages/2008_007750.jpg
79	2	5	7.0000	0.0020	0.0759	1.0000	1.0000	VOC2012/JPEGImages/2009_000350.jpg
80	2	5	14.0000	0.5180	0.3432	0.9120	1.0000	11.0000	0.0880	0.0030	0.6000	1.0000	VOC2012/JPEGImages/2009_001952.jpg
81	2	5	11.0000	0.3951	0.4660	0.5477	0.6780	14.0000	0.4223	0.3200	0.5804	0.6240	VOC2012/JPEGImages/2010_005245.jpg
82	2	5	8.0000	0.5060	0.3900	1.0000	0.8940	8.0000	0.0030	0.2280	0.7681	0.7680	VOC2012/JPEGImages/2010_002958.jpg
83	2	5	0.0000	0.5680	0.4373	0.6740	0.5120	VOC2012/JPEGImages/2008_005719.jpg
84	2	5	10.0000	0.0020	0.7568	0.0820	0.8907	8.0000	0.0060	0.7240	0.1320	1.0000	8.0000	0.8900	0.8798	1.0000	1.0000	8.0000	0.9080	0.7432	1.0000	0.8962	10.0000	0.8040	0.6913	0.9980	0.9590	8.0000	0.7280	0.6694	0.8340	0.9563	8.0000	0.5780	0.6721	0.6500	0.7486	8.0000	0.6040	0.7131	0.7420	1.0000	8.0000	0.4160	0.6913	0.4960	0.9863	8.0000	0.4660	0.7432	0.6120	1.0000	10.0000	0.4600	0.6940	0.7220	1.0000	8.0000	0.2120	0.5191	0.2580	0.6257	8.0000	0.2700	0.5328	0.3440	0.6721	14.0000	0.2900	0.4672	0.3620	0.6339	14.0000	0.3240	0.4672	0.3600	0.5464	14.0000	0.6000	0.4208	0.6480	0.5000	14.0000	0.6860	0.4426	0.7380	0.4973	VOC2012/JPEGImages/2009_001434.jpg
85	2	5	14.0000	0.0029	0.2191	0.4076	1.0000	14.0000	0.4516	0.1554	0.6364	1.0000	14.0000	0.4721	0.0996	0.8739	1.0000	VOC2012/JPEGImages/2008_004455.jpg
86	2	5	14.0000	0.4440	0.2874	0.6060	0.5898	14.0000	0.8620	0.0898	0.9680	0.1796	14.0000	0.2000	0.1138	0.2480	0.2006	14.0000	0.3060	0.0838	0.3420	0.1856	VOC2012/JPEGImages/2011_000977.jpg
87	2	5	7.0000	0.3676	0.3980	0.8000	0.7780	14.0000	0.1706	0.1200	0.8382	1.0000	VOC2007/JPEGImages/002145.jpg
88	2	5	13.0000	0.0040	0.0269	1.0000	0.9641	14.0000	0.8480	0.0030	0.9820	0.6377	14.0000	0.4580	0.0030	0.6060	0.3234	14.0000	0.0020	0.0030	0.0580	0.1976	VOC2012/JPEGImages/2010_002172.jpg
89	2	5	0.0000	0.0680	0.2400	0.9420	0.6187	6.0000	0.2640	0.6747	0.3520	0.8160	6.0000	0.0020	0.6400	0.2860	0.8827	VOC2007/JPEGImages/003032.jpg
90	2	5	11.0000	0.0020	0.0031	0.7220	0.8514	VOC2007/JPEGImages/004409.jpg
91	2	5	8.0000	0.1940	0.5227	0.2960	0.8507	14.0000	0.7280	0.2267	0.9980	1.0000	15.0000	0.0020	0.6000	0.0700	0.9973	15.0000	0.3060	0.6053	0.3880	0.7733	15.0000	0.2800	0.5307	0.3900	0.7173	VOC2007/JPEGImages/008199.jpg
92	2	5	0.0000	0.2680	0.2334	0.9200	0.7066	VOC2012/JPEGImages/2009_003608.jpg
93	2	5	17.0000	0.0020	0.1377	0.3920	0.5719	8.0000	0.4560	0.0868	0.6580	0.5838	8.0000	0.7040	0.0030	0.9560	0.6138	15.0000	0.5480	0.0269	0.6220	0.3473	15.0000	0.2540	0.0030	0.5840	0.5659	10.0000	0.5860	0.1108	0.9440	0.5928	VOC2012/JPEGImages/2009_002571.jpg
94	2	5	9.0000	0.0460	0.6347	0.2020	0.8373	9.0000	0.2000	0.5520	0.3520	0.7120	9.0000	0.5140	0.6480	0.6800	0.8053	9.0000	0.6340	0.5840	0.7440	0.6987	9.0000	0.4060	0.5013	0.5240	0.6453	9.0000	0.2740	0.3093	0.3720	0.3973	9.0000	0.4200	0.2853	0.5020	0.3333	9.0000	0.5340	0.2667	0.5760	0.3573	9.0000	0.5820	0.2960	0.6180	0.4027	9.0000	0.7240	0.3013	0.7720	0.3893	9.0000	0.8400	0.3947	0.9160	0.4453	9.0000	0.3920	0.1413	0.4700	0.2107	9.0000	0.3300	0.1307	0.3900	0.1787	VOC2007/JPEGImages/004585.jpg
95	2	5	5.0000	0.0220	0.0320	0.9540	0.9067	14.0000	0.4180	0.4827	0.4640	0.7787	5.0000	0.0020	0.3360	0.1200	0.6693	14.0000	0.0020	0.5200	0.0380	0.6747	VOC2012/JPEGImages/2009_002398.jpg
96	2	5	1.0000	0.0380	0.2139	0.1860	0.3850	14.0000	0.5640	0.2166	0.6620	0.7727	14.0000	0.3540	0.5348	0.4300	0.6658	VOC2007/JPEGImages/006028.jpg
97	2	5	14.0000	0.0660	0.1813	0.2980	0.6587	14.0000	0.2620	0.1813	0.4200	0.6640	14.0000	0.3960	0.1573	0.6180	0.7573	14.0000	0.5880	0.2213	1.0000	1.0000	17.0000	0.0240	0.2667	1.0000	1.0000	VOC2007/JPEGImages/000352.jpg
98	2	5	4.0000	0.5947	0.5820	0.6480	0.6760	14.0000	0.3013	0.2660	0.6053	0.6800	VOC2007/JPEGImages/003566.jpg
99	2	5	14.0000	0.2160	0.2763	0.7780	1.0000	VOC2007/JPEGImages/001269.jpg
100	2	5	0.0000	0.0620	0.3924	0.8440	0.7500	VOC2007/JPEGImages/007097.jpg
101	2	5	11.0000	0.1540	0.0027	0.8340	0.9200	VOC2012/JPEGImages/2009_002847.jpg
102	2	5	4.0000	0.2520	0.4640	0.3680	0.7627	VOC2012/JPEGImages/2009_003793.jpg
103	2	5	11.0000	0.2700	0.1118	0.8180	0.9940	VOC2012/JPEGImages/2010_003077.jpg
104	2	5	14.0000	0.3040	0.4234	0.4100	0.6577	14.0000	0.6580	0.4535	0.8080	0.6456	3.0000	0.1340	0.5796	0.9900	0.7267	VOC2012/JPEGImages/2008_000834.jpg
105	2	5	11.0000	0.0020	0.7057	0.3940	0.9910	12.0000	0.4060	0.0090	1.0000	1.0000	12.0000	0.3180	0.4685	0.4820	0.9159	VOC2007/JPEGImages/005453.jpg
106	2	5	0.0000	0.0100	0.1976	0.9360	0.7545	VOC2007/JPEGImages/008723.jpg
107	2	5	6.0000	0.2500	0.2309	0.8440	0.7783	VOC2007/JPEGImages/002291.jpg
108	2	5	12.0000	0.6220	0.0991	1.0000	1.0000	14.0000	0.4040	0.3844	0.5820	1.0000	12.0000	0.0020	0.0841	0.4000	1.0000	VOC2012/JPEGImages/2009_003855.jpg
109	2	5	14.0000	0.5060	0.3707	0.8040	0.7360	VOC2007/JPEGImages/004265.jpg
110	2	5	13.0000	0.0640	0.3213	0.4820	0.9189	13.0000	0.4760	0.4024	0.7300	0.8859	VOC2007/JPEGImages/009540.jpg
111	2	5	14.0000	0.1377	0.0900	0.8084	1.0000	VOC2007/JPEGImages/002096.jpg
112	2	5	1.0000	0.4745	0.4200	0.7898	0.8600	14.0000	0.4444	0.3020	0.8108	0.7300	VOC2012/JPEGImages/2008_008708.jpg
113	2	5	1.0000	0.0080	0.0025	0.9980	0.9444	6.0000	0.8400	0.1465	1.0000	0.3712	6.0000	0.9100	0.0682	1.0000	0.1894	6.0000	0.6100	0.1389	0.8060	0.2424	6.0000	0.5100	0.1414	0.6440	0.2247	6.0000	0.3820	0.1591	0.4480	0.2146	6.0000	0.2580	0.1540	0.4220	0.2803	VOC2012/JPEGImages/2009_004364.jpg
114	2	5	7.0000	0.0020	0.1787	1.0000	0.8533	VOC2012/JPEGImages/2010_005899.jpg
115	2	5	17.0000	0.0023	0.3299	1.0000	1.0000	VOC2012/JPEGImages/2008_008271.jpg
116	2	5	11.0000	0.6449	0.2847	1.0000	0.9514	11.0000	0.0511	0.2569	0.5824	0.9375	VOC2012/JPEGImages/2010_005064.jpg
117	2	5	5.0000	0.0500	0.5036	0.2400	0.8029	5.0000	0.2180	0.5511	0.2820	0.7701	5.0000	0.2680	0.5949	0.3140	0.7628	6.0000	0.4020	0.5438	0.7180	0.8650	VOC2012/JPEGImages/2008_005074.jpg
118	2	5	13.0000	0.0280	0.2363	0.9720	0.9499	14.0000	0.3000	0.0263	0.7220	0.9475	VOC2012/JPEGImages/2011_002760.jpg
119	2	5	11.0000	0.3320	0.2533	0.7160	0.8373	VOC2012/JPEGImages/2010_001976.jpg
120	2	5	13.0000	0.2462	0.3840	0.9249	0.9520	14.0000	0.2342	0.0220	0.9279	0.7440	VOC2007/JPEGImages/001723.jpg
121	2	5	3.0000	0.2342	0.4480	1.0000	0.6640	VOC2012/JPEGImages/2009_004178.jpg
122	2	5	17.0000	0.4900	0.3227	1.0000	0.8320	17.0000	0.0040	0.4800	0.7880	0.9973	VOC2007/JPEGImages/007536.jpg
123	2	5	4.0000	0.4100	0.8813	0.4560	1.0000	14.0000	0.1100	0.2374	0.4880	1.0000	14.0000	0.4920	0.2018	0.8500	1.0000	VOC2012/JPEGImages/2011_002237.jpg
124	2	5	11.0000	0.3720	0.2904	0.6460	0.9102	VOC2007/JPEGImages/004095.jpg
125	2	5	18.0000	0.1360	0.1389	0.7620	0.9000	VOC2007/JPEGImages/002891.jpg
126	2	5	14.0000	0.2500	0.1976	0.8940	1.0000	14.0000	0.0020	0.0024	0.4280	0.8786	VOC2012/JPEGImages/2008_003128.jpg
127	2	5	3.0000	0.6480	0.5893	0.8900	0.8373	15.0000	0.6720	0.4960	0.8820	0.6053	8.0000	0.1220	0.6800	0.3520	1.0000	10.0000	0.0020	0.7413	0.2340	1.0000	14.0000	0.1220	0.4587	0.4660	0.9920	17.0000	0.8860	0.6987	1.0000	1.0000	11.0000	0.6900	0.8080	0.8860	1.0000	VOC2007/JPEGImages/003284.jpg
128	2	5	19.0000	0.2220	0.1947	0.4940	0.4373	15.0000	0.0680	0.3520	0.1520	0.4507	VOC2012/JPEGImages/2008_003003.jpg
129	2	5	6.0000	0.7600	0.2267	1.0000	0.8560	6.0000	0.0860	0.2240	0.7660	0.6747	6.0000	0.0020	0.2213	0.3360	0.5333	VOC2012/JPEGImages/2010_001121.jpg
130	2	5	2.0000	0.4840	0.4027	0.6040	0.6960	VOC2012/JPEGImages/2010_001820.jpg
131	2	5	6.0000	0.0020	0.3183	0.3140	0.5135	12.0000	0.2680	0.3784	0.6620	0.9730	14.0000	0.4400	0.2132	0.5880	0.7417	6.0000	0.7060	0.3243	0.7880	0.3724	12.0000	0.6900	0.3634	0.8060	0.6456	14.0000	0.7840	0.3453	0.8220	0.4294	14.0000	0.8120	0.3153	0.8540	0.4264	12.0000	0.7720	0.4024	1.0000	0.7688	14.0000	0.7820	0.4084	0.8720	0.7958	14.0000	0.8760	0.3183	1.0000	0.6577	VOC2012/JPEGImages/2008_000880.jpg
132	2	5	14.0000	0.0125	0.1240	1.0000	1.0000	VOC2012/JPEGImages/2009_002222.jpg
133	2	5	10.0000	0.1940	0.3760	0.8840	1.0000	15.0000	0.4100	0.1760	0.4700	0.2613	15.0000	0.3600	0.1973	0.4220	0.2800	8.0000	0.5640	0.3253	0.6820	0.3947	8.0000	0.8320	0.2960	1.0000	0.9333	8.0000	0.0020	0.6907	0.3740	1.0000	8.0000	0.1100	0.2427	0.2100	0.5253	14.0000	0.0060	0.3200	0.2540	0.9200	14.0000	0.8460	0.2667	0.9820	0.8373	14.0000	0.1620	0.0880	0.4240	0.5307	1.0000	0.6560	0.0960	0.7060	0.2267	1.0000	0.6260	0.1013	0.6580	0.2240	VOC2012/JPEGImages/2009_003251.jpg
134	2	5	14.0000	0.0020	0.0030	0.9980	1.0000	VOC2007/JPEGImages/008585.jpg
135	2	5	14.0000	0.2120	0.0901	1.0000	1.0000	14.0000	0.5620	0.3664	0.9340	1.0000	VOC2012/JPEGImages/2008_003318.jpg
136	2	5	11.0000	0.0900	0.3253	0.8000	0.9093	11.0000	0.4680	0.1253	0.9340	0.4453	VOC2012/JPEGImages/2010_004807.jpg
137	2	5	6.0000	0.0020	0.5467	0.1180	0.8160	14.0000	0.6620	0.2480	0.8960	1.0000	VOC2012/JPEGImages/2008_004872.jpg
138	2	5	17.0000	0.1700	0.4693	0.9160	0.9013	VOC2012/JPEGImages/2009_004839.jpg
139	2	5	3.0000	0.3460	0.3831	0.9280	0.7137	3.0000	0.0880	0.3548	0.5300	0.6290	VOC2012/JPEGImages/2011_002871.jpg
140	2	5	0.0000	0.2540	0.1920	0.8940	0.5067	14.0000	0.7600	0.4480	0.8280	0.6960	14.0000	0.6220	0.4427	0.6700	0.5973	14.0000	0.8700	0.4267	0.8980	0.5387	14.0000	0.9660	0.4320	1.0000	0.5440	14.0000	0.8200	0.4347	0.8500	0.5307	VOC2012/JPEGImages/2011_002193.jpg
141	2	5	8.0000	0.6300	0.5173	0.8640	1.0000	14.0000	0.0020	0.1813	0.9760	1.0000	VOC2012/JPEGImages/2010_004223.jpg
142	2	5	2.0000	0.3960	0.4974	0.6220	0.7385	VOC2012/JPEGImages/2009_003052.jpg
143	2	5	1.0000	0.2300	0.2462	0.3560	0.6276	1.0000	0.3260	0.3724	0.4680	0.7838	1.0000	0.5200	0.4294	0.6740	0.7988	1.0000	0.6740	0.2252	0.7860	0.5556	1.0000	0.4340	0.3003	0.5560	0.6066	1.0000	0.7880	0.1411	0.8620	0.3904	14.0000	0.6680	0.0450	0.8440	0.4955	14.0000	0.8020	0.0030	0.9220	0.3574	14.0000	0.5120	0.2252	0.7080	0.7237	14.0000	0.3300	0.1502	0.5120	0.7297	14.0000	0.4760	0.0661	0.5900	0.5195	14.0000	0.5620	0.0210	0.6660	0.2883	14.0000	0.3580	0.0030	0.5100	0.1502	14.0000	0.2540	0.0691	0.4400	0.4324	14.0000	0.4840	0.0030	0.6340	0.0691	VOC2007/JPEGImages/008514.jpg
144	2	5	7.0000	0.5460	0.1627	0.9460	0.9680	7.0000	0.0260	0.1173	0.4820	0.8320	VOC2012/JPEGImages/2008_002583.jpg
145	2	5	7.0000	0.3280	0.0027	0.8960	0.6640	VOC2012/JPEGImages/2009_001502.jpg
146	2	5	7.0000	0.2500	0.0901	0.7680	0.7087	VOC2012/JPEGImages/2010_001457.jpg
147	2	5	7.0000	0.0640	0.1297	0.9940	1.0000	VOC2012/JPEGImages/2009_001361.jpg
148	2	5	14.0000	0.3305	0.3700	0.8541	0.8480	VOC2012/JPEGImages/2008_002639.jpg
149	2	5	14.0000	0.0027	0.0040	1.0000	1.0000	14.0000	0.3867	0.0480	1.0000	1.0000	VOC2012/JPEGImages/2008_003608.jpg
150	2	5	14.0000	0.1467	0.4700	0.6613	1.0000	VOC2012/JPEGImages/2011_000851.jpg
151	2	5	6.0000	0.1920	0.0027	1.0000	0.9680	VOC2012/JPEGImages/2008_001941.jpg
152	2	5	7.0000	0.3420	0.1952	1.0000	0.9099	7.0000	0.1440	0.3904	0.3740	0.6817	VOC2012/JPEGImages/2010_002965.jpg
153	2	5	2.0000	0.0160	0.1140	0.9093	1.0000	2.0000	0.0027	0.0020	0.1067	0.2560	2.0000	0.1040	0.0020	0.5227	0.1940	VOC2012/JPEGImages/2008_008145.jpg
154	2	5	14.0000	0.6580	0.7120	0.6780	0.7867	14.0000	0.7080	0.7067	0.7260	0.7627	14.0000	0.7200	0.7040	0.7340	0.7600	14.0000	0.7280	0.6960	0.7480	0.7547	14.0000	0.5880	0.6987	0.6160	0.7440	14.0000	0.1720	0.6960	0.1980	0.7493	6.0000	0.6980	0.6880	1.0000	0.8693	6.0000	0.9000	0.7947	1.0000	0.9120	6.0000	0.4680	0.7360	0.7380	0.8800	6.0000	0.0020	0.6347	0.1520	0.9253	6.0000	0.1260	0.7120	0.2020	0.7653	6.0000	0.0020	0.6880	0.6720	1.0000	VOC2012/JPEGImages/2008_007786.jpg
155	2	5	7.0000	0.0660	0.0293	1.0000	1.0000	7.0000	0.0080	0.1173	0.5260	0.8427	VOC2007/JPEGImages/001009.jpg
156	2	5	11.0000	0.0027	0.3020	0.1857	0.4100	7.0000	0.0027	0.1480	0.7162	0.7500	VOC2012/JPEGImages/2010_005796.jpg
157	2	5	7.0000	0.0030	0.0020	1.0000	0.9640	VOC2007/JPEGImages/009035.jpg
158	2	5	0.0000	0.0160	0.3110	0.9560	0.6483	VOC2012/JPEGImages/2009_001390.jpg
159	2	5	7.0000	0.2640	0.2187	0.5140	0.6080	VOC2007/JPEGImages/003546.jpg
160	2	5	2.0000	0.0020	0.3916	0.7980	0.9699	2.0000	0.0020	0.0030	0.2360	0.0964	VOC2007/JPEGImages/000954.jpg
161	2	5	18.0000	0.4040	0.4234	0.8860	0.8739	VOC2012/JPEGImages/2010_006054.jpg
162	2	5	6.0000	0.0060	0.0040	1.0000	0.9683	VOC2007/JPEGImages/005047.jpg
163	2	5	0.0000	0.0020	0.1920	0.8800	0.5840	VOC2012/JPEGImages/2010_005776.jpg
164	2	5	14.0000	0.2660	0.5380	0.2920	0.6467	14.0000	0.5120	0.2663	0.8940	0.9973	13.0000	0.4340	0.5435	0.9580	0.9973	VOC2007/JPEGImages/006476.jpg
165	2	5	16.0000	0.2920	0.3604	0.6180	1.0000	16.0000	0.2500	0.2012	0.4080	0.7568	16.0000	0.6180	0.4144	0.9920	1.0000	16.0000	0.6200	0.1502	0.8840	0.4955	16.0000	0.0020	0.0030	0.3200	0.8619	16.0000	0.3480	0.0360	0.5820	0.4234	16.0000	0.2520	0.0060	0.3860	0.2132	16.0000	0.0080	0.5976	0.1700	1.0000	VOC2007/JPEGImages/005001.jpg
166	2	5	6.0000	0.0720	0.2349	0.9620	0.9127	VOC2007/JPEGImages/009644.jpg
167	2	5	1.0000	0.2240	0.0453	0.8180	0.8747	6.0000	0.0020	0.0027	0.2800	0.4107	6.0000	0.6640	0.0027	0.9200	0.0960	6.0000	0.5700	0.0027	0.9980	0.5493	VOC2012/JPEGImages/2010_003367.jpg
168	2	5	14.0000	0.0200	0.4000	0.0960	0.5296	14.0000	0.1140	0.4704	0.1640	0.5211	6.0000	0.0020	0.2113	1.0000	0.9690	VOC2012/JPEGImages/2008_002705.jpg
169	2	5	3.0000	0.1820	0.5358	0.3460	0.7383	3.0000	0.3460	0.5421	0.5020	0.7040	3.0000	0.6640	0.5171	0.7820	0.6262	14.0000	0.8600	0.4704	0.9040	0.6293	14.0000	0.9240	0.4673	0.9620	0.6355	14.0000	0.8980	0.4579	0.9300	0.6386	14.0000	0.3140	0.5327	0.3420	0.6293	14.0000	0.2360	0.4735	0.2940	0.6262	14.0000	0.3000	0.5452	0.3260	0.6106	VOC2012/JPEGImages/2008_002131.jpg
170	2	5	12.0000	0.0437	0.1437	0.7763	0.9708	14.0000	0.2416	0.1458	0.6067	0.5792	12.0000	0.5244	0.6000	0.7661	0.8542	14.0000	0.5013	0.5604	0.6864	0.7396	VOC2007/JPEGImages/007308.jpg
171	2	5	7.0000	0.0225	0.0030	1.0000	0.8498	VOC2012/JPEGImages/2008_006400.jpg
172	2	5	12.0000	0.7387	0.1360	0.8827	0.2240	12.0000	0.4213	0.1580	0.5040	0.2200	12.0000	0.2053	0.1520	0.3307	0.2340	12.0000	0.3013	0.1860	0.9600	0.9600	VOC2012/JPEGImages/2008_007588.jpg
173	2	5	3.0000	0.0100	0.5256	0.6220	0.6987	VOC2012/JPEGImages/2008_005108.jpg
174	2	5	12.0000	0.4680	0.2733	0.7140	0.9009	14.0000	0.4880	0.0511	0.7260	0.6547	VOC2012/JPEGImages/2008_000783.jpg
175	2	5	2.0000	0.3780	0.4079	0.5780	0.5342	VOC2007/JPEGImages/008796.jpg
176	2	5	10.0000	0.0020	0.5285	1.0000	1.0000	14.0000	0.4460	0.2402	1.0000	0.5375	4.0000	0.8920	0.1441	1.0000	0.5195	14.0000	0.0020	0.1832	0.2680	0.5495	VOC2012/JPEGImages/2009_000257.jpg
177	2	5	14.0000	0.4680	0.0753	0.6940	0.7681	14.0000	0.2880	0.1687	0.4700	0.5211	13.0000	0.2020	0.4217	0.8640	0.9578	13.0000	0.0620	0.4006	0.3080	0.8614	VOC2012/JPEGImages/2009_000719.jpg
178	2	5	17.0000	0.4500	0.4267	1.0000	0.8027	11.0000	0.3160	0.5733	0.5340	0.9307	14.0000	0.1760	0.1413	0.4020	0.7920	14.0000	0.5240	0.3227	0.7540	0.7280	VOC2007/JPEGImages/006968.jpg
179	2	5	6.0000	0.0900	0.0060	0.8300	1.0000	VOC2012/JPEGImages/2009_003500.jpg
180	2	5	15.0000	0.6800	0.3132	1.0000	1.0000	15.0000	0.0020	0.0036	0.9300	1.0000	15.0000	0.3460	0.0036	0.9220	1.0000	VOC2012/JPEGImages/2009_001417.jpg
181	2	5	18.0000	0.3760	0.3947	0.5800	0.6160	VOC2012/JPEGImages/2008_004357.jpg
182	2	5	8.0000	0.1320	0.0587	0.4860	0.7547	8.0000	0.4960	0.0267	0.8660	0.8000	VOC2012/JPEGImages/2010_005746.jpg
183	2	5	10.0000	0.0020	0.2400	0.7420	1.0000	8.0000	0.6440	0.6053	1.0000	1.0000	8.0000	0.0600	0.4480	0.5000	1.0000	8.0000	0.5000	0.1413	0.6420	0.2720	8.0000	0.5560	0.2720	0.8600	0.7760	8.0000	0.0560	0.1840	0.2220	0.4267	VOC2012/JPEGImages/2009_005202.jpg
184	2	5	2.0000	0.4040	0.5414	0.5600	0.8018	VOC2012/JPEGImages/2008_006419.jpg
185	2	5	19.0000	0.3300	0.0987	0.9140	0.6320	19.0000	0.0020	0.1173	0.3200	0.6107	VOC2012/JPEGImages/2010_003942.jpg
186	2	5	18.0000	0.1300	0.0631	0.9800	0.8965	VOC2007/JPEGImages/009860.jpg
187	2	5	0.0000	0.0027	0.0400	1.0000	0.7260	0.0000	0.0027	0.0020	0.8800	0.2860	VOC2012/JPEGImages/2008_004981.jpg
188	2	5	5.0000	0.7940	0.1973	1.0000	0.5760	5.0000	0.0060	0.0053	0.8180	0.9973	VOC2007/JPEGImages/009386.jpg
189	2	5	14.0000	0.8200	0.4800	0.9360	0.9253	14.0000	0.4660	0.4587	0.5600	0.9360	14.0000	0.0020	0.4453	0.2180	0.9413	14.0000	0.4360	0.3707	0.5600	0.5787	VOC2012/JPEGImages/2008_002794.jpg
190	2	5	14.0000	0.8380	0.1446	0.9600	0.4849	14.0000	0.1300	0.0301	0.3000	0.5331	1.0000	0.0100	0.2470	0.1160	0.3193	VOC2012/JPEGImages/2011_000589.jpg
191	2	5	4.0000	0.0036	0.4020	0.6308	1.0000	VOC2012/JPEGImages/2009_000797.jpg
192	2	5	4.0000	0.3280	0.4480	0.3840	0.6533	4.0000	0.4220	0.4187	0.4600	0.6107	4.0000	0.5380	0.4000	0.6200	0.6880	14.0000	0.4760	0.1813	0.9880	1.0000	14.0000	0.0020	0.1467	0.3280	1.0000	10.0000	0.0260	0.5467	0.7980	1.0000	VOC2012/JPEGImages/2008_002864.jpg
193	2	5	16.0000	0.8960	0.5093	0.9700	0.5627	16.0000	0.3500	0.5760	0.5320	0.7840	16.0000	0.3940	0.5253	0.4500	0.5600	16.0000	0.2220	0.5440	0.2680	0.5733	16.0000	0.0440	0.5147	0.0820	0.5733	VOC2012/JPEGImages/2011_002169.jpg
194	2	5	15.0000	0.6183	0.0860	0.7581	0.1900	15.0000	0.6210	0.1820	0.7500	0.2880	15.0000	0.5484	0.2480	0.6290	0.3080	15.0000	0.7500	0.1600	0.8522	0.2640	15.0000	0.8898	0.1020	0.9543	0.2480	14.0000	0.7043	0.5780	0.8306	0.8660	11.0000	0.3978	0.8160	0.4839	0.8740	15.0000	0.8199	0.1180	0.9005	0.2380	VOC2012/JPEGImages/2009_004645.jpg
195	2	5	7.0000	0.1067	0.3106	0.3100	0.8199	7.0000	0.2833	0.3665	0.4267	0.8261	7.0000	0.4533	0.2857	0.6200	0.8199	7.0000	0.6167	0.1056	0.8167	0.8261	VOC2012/JPEGImages/2008_006294.jpg
196	2	5	0.0000	0.0020	0.0509	0.9820	0.8982	VOC2012/JPEGImages/2009_002011.jpg
197	2	5	12.0000	0.1580	0.2410	0.7320	0.8163	VOC2007/JPEGImages/000764.jpg
198	2	5	1.0000	0.8940	0.5801	0.9200	0.6344	5.0000	0.0640	0.3988	0.6460	0.6707	6.0000	0.9520	0.5559	0.9900	0.6073	14.0000	0.8980	0.5589	0.9200	0.6224	VOC2012/JPEGImages/2011_003247.jpg
199	2	5	4.0000	0.2760	0.0427	0.4980	0.7893	4.0000	0.6340	0.6080	0.7620	0.7733	4.0000	0.6240	0.7733	0.7440	0.9200	4.0000	0.6160	0.9360	0.7320	1.0000	4.0000	0.4860	0.9093	0.6000	1.0000	4.0000	0.5060	0.7440	0.6180	0.8960	4.0000	0.3960	0.7040	0.4940	0.8613	4.0000	0.2800	0.7227	0.3820	0.8373	4.0000	0.2440	0.8453	0.3600	0.9973	4.0000	0.3680	0.8747	0.4740	1.0000	VOC2012/JPEGImages/2008_004934.jpg
200	2	5	11.0000	0.3600	0.6293	0.9600	1.0000	14.0000	0.7160	0.0027	0.8740	0.4693	VOC2012/JPEGImages/2010_000577.jpg
201	2	5	14.0000	0.0020	0.5147	0.2320	0.9493	14.0000	0.0340	0.3867	0.2860	0.8187	14.0000	0.4400	0.3680	0.7340	0.7547	14.0000	0.6960	0.4907	1.0000	1.0000	10.0000	0.0020	0.7253	1.0000	1.0000	4.0000	0.0500	0.8773	0.0980	1.0000	VOC2012/JPEGImages/2008_004389.jpg
202	2	5	13.0000	0.1460	0.0027	1.0000	0.9440	VOC2012/JPEGImages/2011_000652.jpg
203	2	5	11.0000	0.2823	0.5040	0.8168	1.0000	14.0000	0.0060	0.0080	0.9910	1.0000	VOC2007/JPEGImages/007760.jpg
204	2	5	3.0000	0.2720	0.2012	0.7760	0.8018	3.0000	0.1700	0.4565	0.2440	0.5766	3.0000	0.7360	0.6396	0.8420	0.7057	VOC2012/JPEGImages/2011_000631.jpg
205	2	5	3.0000	0.4200	0.4895	0.8120	1.0000	14.0000	0.4200	0.2793	0.5700	0.5225	VOC2007/JPEGImages/006983.jpg
206	2	5	3.0000	0.0202	0.1780	0.9712	0.8360	VOC2012/JPEGImages/2008_004570.jpg
207	2	5	13.0000	0.4920	0.4613	0.6160	0.7040	14.0000	0.4960	0.3893	0.6140	0.6507	14.0000	0.4720	0.3360	0.5100	0.4987	14.0000	0.4540	0.3467	0.4860	0.4987	14.0000	0.2600	0.3600	0.2880	0.4400	VOC2012/JPEGImages/2009_001566.jpg
208	2	5	4.0000	0.3660	0.0028	0.6000	1.0000	VOC2012/JPEGImages/2009_004764.jpg
209	2	5	17.0000	0.6120	0.5413	1.0000	1.0000	8.0000	0.0020	0.5733	0.2460	0.9200	19.0000	0.1480	0.4080	0.2720	0.5840	VOC2012/JPEGImages/2010_004095.jpg
210	2	5	6.0000	0.3120	0.2913	0.7020	0.8108	VOC2007/JPEGImages/000012.jpg
211	2	5	6.0000	0.6160	0.5440	0.8520	0.7653	VOC2007/JPEGImages/009213.jpg
212	2	5	8.0000	0.1440	0.0027	0.7940	1.0000	VOC2012/JPEGImages/2009_004737.jpg
213	2	5	6.0000	0.0020	0.0991	0.8060	1.0000	14.0000	0.6820	0.0180	0.7480	0.2823	VOC2012/JPEGImages/2010_003854.jpg
214	2	5	2.0000	0.1760	0.1330	0.3120	0.2340	2.0000	0.2980	0.2394	0.4340	0.3431	2.0000	0.3000	0.1516	0.4400	0.2660	2.0000	0.3020	0.8590	0.4560	0.9654	2.0000	0.5240	0.7979	0.7420	0.9255	2.0000	0.7440	0.7580	0.9080	0.8590	2.0000	0.8860	0.4654	1.0000	0.5878	2.0000	0.5320	0.4628	0.7240	0.5771	2.0000	0.6900	0.3218	0.8380	0.4309	2.0000	0.7160	0.0133	0.8680	0.1117	2.0000	0.5200	0.0160	0.6460	0.1197	2.0000	0.6020	0.0665	0.7280	0.1436	2.0000	0.1140	0.1941	0.2420	0.3112	2.0000	0.1500	0.7686	0.3620	0.9096	2.0000	0.3980	0.7580	0.5160	0.8803	2.0000	0.6460	0.7314	0.8180	0.8351	2.0000	0.6580	0.5319	0.8000	0.6170	2.0000	0.3160	0.6543	0.5480	0.8085	2.0000	0.2080	0.5559	0.3620	0.6835	2.0000	0.1620	0.3777	0.2980	0.5426	2.0000	0.3000	0.3404	0.4380	0.4867	2.0000	0.7400	0.2420	0.9060	0.3670	2.0000	0.5740	0.1862	0.7040	0.3245	2.0000	0.3660	0.1011	0.4680	0.1968	2.0000	0.3000	0.0718	0.3780	0.1782	2.0000	0.4040	0.5372	0.5960	0.6729	2.0000	0.8960	0.0532	0.9760	0.1862	2.0000	0.7740	0.1090	0.9200	0.2420	2.0000	0.6740	0.1250	0.8000	0.2021	2.0000	0.7080	0.1410	0.8100	0.2872	2.0000	0.4520	0.2926	0.5960	0.4415	2.0000	0.4480	0.2713	0.5980	0.3697	2.0000	0.6100	0.2793	0.7120	0.4043	2.0000	0.5920	0.3936	0.7280	0.4867	2.0000	0.6880	0.4229	0.8220	0.5346	2.0000	0.9060	0.3590	1.0000	0.4814	2.0000	0.8520	0.0080	0.9480	0.0824	2.0000	0.7940	0.2021	0.9360	0.3032	2.0000	0.5020	0.1303	0.5960	0.2553	2.0000	0.5460	0.0718	0.6420	0.1968	2.0000	0.4060	0.2048	0.4940	0.3191	2.0000	0.8660	0.2713	0.9940	0.3378	VOC2007/JPEGImages/004349.jpg
215	2	5	11.0000	0.3380	0.2587	0.7900	0.9707	14.0000	0.0980	0.0480	0.6000	1.0000	17.0000	0.0020	0.2747	0.5520	1.0000	19.0000	0.8620	0.1280	1.0000	0.3840	VOC2012/JPEGImages/2010_005049.jpg
216	2	5	14.0000	0.5435	0.3740	0.9580	1.0000	12.0000	0.2132	0.3620	1.0000	1.0000	4.0000	0.6336	0.6240	0.7057	0.7160	VOC2012/JPEGImages/2008_003182.jpg
217	2	5	11.0000	0.3500	0.3360	0.6820	0.6400	VOC2012/JPEGImages/2008_003852.jpg
218	2	5	19.0000	0.4340	0.2400	0.7240	0.6720	4.0000	0.5040	0.0773	0.5440	0.2373	4.0000	0.5840	0.0853	0.6220	0.1893	8.0000	0.1160	0.8800	0.5340	1.0000	7.0000	0.2940	0.0427	0.3480	0.1413	VOC2007/JPEGImages/007762.jpg
219	2	5	8.0000	0.5312	0.0020	0.7731	0.2960	8.0000	0.7357	0.0440	0.9850	0.3320	10.0000	0.5561	0.0020	1.0000	0.2600	VOC2012/JPEGImages/2011_001715.jpg
220	2	5	15.0000	0.2700	0.0030	0.3560	0.2012	8.0000	0.6300	0.0210	1.0000	0.7838	14.0000	0.0020	0.0030	0.9360	0.9910	VOC2007/JPEGImages/004939.jpg
221	2	5	12.0000	0.1760	0.2823	0.3040	0.7568	8.0000	0.3500	0.7237	0.6440	1.0000	8.0000	0.6880	0.8919	0.8380	1.0000	8.0000	0.8360	0.5255	0.9280	0.7327	19.0000	0.7940	0.2733	0.9120	0.4204	14.0000	0.6660	0.1742	0.8000	0.5676	14.0000	0.8220	0.6096	1.0000	1.0000	14.0000	0.6780	0.4084	0.7340	0.5706	14.0000	0.5580	0.4084	0.7180	1.0000	14.0000	0.3580	0.5405	0.6140	1.0000	VOC2012/JPEGImages/2010_005243.jpg
222	2	5	0.0000	0.1280	0.1387	0.9240	0.6907	VOC2012/JPEGImages/2010_003723.jpg
223	2	5	1.0000	0.5500	0.7477	1.0000	1.0000	1.0000	0.0020	0.8709	0.3960	1.0000	6.0000	0.4700	0.3664	0.7660	0.7568	14.0000	0.7160	0.1502	1.0000	1.0000	14.0000	0.0180	0.1231	0.5140	1.0000	VOC2012/JPEGImages/2008_001375.jpg
224	2	5	1.0000	0.3080	0.3307	0.8840	0.9333	14.0000	0.3600	0.0880	0.7820	0.7253	VOC2012/JPEGImages/2008_008337.jpg
225	2	5	11.0000	0.0980	0.0838	0.9240	0.8455	11.0000	0.6620	0.5052	0.8460	0.7984	11.0000	0.5580	0.4817	0.7020	0.8168	VOC2012/JPEGImages/2010_002399.jpg
226	2	5	0.0000	0.2883	0.0700	0.6937	0.1740	VOC2012/JPEGImages/2008_007690.jpg
227	2	5	8.0000	0.0900	0.2133	0.4800	0.6293	VOC2012/JPEGImages/2009_002064.jpg
228	2	5	11.0000	0.0030	0.0860	0.6847	0.9180	11.0000	0.1652	0.5240	0.4685	0.6640	11.0000	0.1682	0.6060	0.4324	0.7520	11.0000	0.1592	0.6680	0.3844	0.8260	VOC2012/JPEGImages/2009_000400.jpg
229	2	5	0.0000	0.0347	0.2220	0.7280	0.5620	0.0000	0.0027	0.0040	0.5733	0.1520	0.0000	0.0053	0.3240	1.0000	1.0000	VOC2007/JPEGImages/009480.jpg
230	2	5	4.0000	0.2480	0.0940	0.3707	0.3120	14.0000	0.1333	0.0040	1.0000	1.0000	VOC2012/JPEGImages/2008_001307.jpg
231	2	5	18.0000	0.5640	0.5345	0.9000	0.7087	18.0000	0.1060	0.5616	0.2520	0.7297	6.0000	0.9160	0.6306	0.9820	0.7117	VOC2007/JPEGImages/003053.jpg
232	2	5	14.0000	0.2613	0.1520	0.6453	0.8420	VOC2012/JPEGImages/2008_004342.jpg
233	2	5	19.0000	0.4790	0.3880	0.8144	0.5880	4.0000	0.2216	0.1420	0.2725	0.2240	VOC2012/JPEGImages/2009_002573.jpg
234	2	5	3.0000	0.6800	0.5547	0.9760	0.7493	3.0000	0.0280	0.5440	0.4180	0.7973	3.0000	0.4500	0.5733	0.5320	0.6107	VOC2012/JPEGImages/2008_001843.jpg
235	2	5	13.0000	0.0220	0.0180	0.9360	1.0000	VOC2012/JPEGImages/2010_005100.jpg
236	2	5	14.0000	0.2760	0.3227	0.9740	1.0000	14.0000	0.2280	0.2667	0.9700	1.0000	8.0000	0.0240	0.5067	0.7880	1.0000	VOC2007/JPEGImages/004201.jpg
237	2	5	2.0000	0.3140	0.2914	0.7780	0.8422	VOC2007/JPEGImages/007084.jpg
238	2	5	14.0000	0.3980	0.0425	0.7800	0.8971	14.0000	0.4340	0.0336	0.5400	0.3512	14.0000	0.7860	0.0403	0.8640	0.3624	6.0000	0.0020	0.0336	0.4520	0.6174	13.0000	0.0380	0.2125	0.9160	0.9911	VOC2007/JPEGImages/000987.jpg
239	2	5	11.0000	0.0020	0.2587	0.8700	0.7947	4.0000	0.4000	0.1893	0.4480	0.2880	VOC2012/JPEGImages/2008_006315.jpg
240	2	5	0.0000	0.3100	0.2973	0.7460	0.5916	VOC2012/JPEGImages/2008_007764.jpg
241	2	5	14.0000	0.4280	0.1653	1.0000	1.0000	14.0000	0.0140	0.2267	0.5000	1.0000	14.0000	0.0720	0.1173	0.3640	0.6160	14.0000	0.0020	0.0640	0.1280	0.4400	VOC2012/JPEGImages/2011_000859.jpg
242	2	5	14.0000	0.5600	0.3200	0.8660	1.0000	14.0000	0.2800	0.2747	0.6660	1.0000	8.0000	0.1940	0.5733	0.6040	1.0000	8.0000	0.3760	0.7467	0.6020	1.0000	VOC2007/JPEGImages/004270.jpg
243	2	5	5.0000	0.3240	0.2720	0.9360	0.8053	VOC2007/JPEGImages/003154.jpg
244	2	5	14.0000	0.3960	0.0853	1.0000	1.0000	2.0000	0.0620	0.2293	0.2840	0.6160	VOC2012/JPEGImages/2008_004105.jpg
245	2	5	11.0000	0.4280	0.3413	0.7300	0.8480	14.0000	0.0020	0.1120	0.8220	1.0000	8.0000	0.5620	0.0027	1.0000	0.6560	VOC2012/JPEGImages/2011_003236.jpg
246	2	5	0.0000	0.2800	0.2933	0.6340	0.6480	VOC2012/JPEGImages/2010_000285.jpg
247	2	5	4.0000	0.7900	0.1377	0.8860	0.5928	8.0000	0.8600	0.1707	1.0000	0.5120	8.0000	0.1280	0.1737	0.3480	0.3563	10.0000	0.0100	0.2964	0.9940	1.0000	8.0000	0.3260	0.0659	0.6180	0.3383	15.0000	0.1860	0.0030	0.3880	0.1796	4.0000	0.7960	0.3413	0.8680	0.6557	VOC2007/JPEGImages/001777.jpg
248	2	5	11.0000	0.2107	0.2660	0.9973	0.9660	VOC2012/JPEGImages/2010_000183.jpg
249	2	5	1.0000	0.6066	0.6920	0.7207	0.7680	14.0000	0.5706	0.6620	0.6216	0.7680	14.0000	0.4414	0.6500	0.4925	0.7660	14.0000	0.3363	0.7080	0.3934	0.7580	14.0000	0.4114	0.6640	0.4535	0.7120	14.0000	0.6396	0.6640	0.6907	0.7140	14.0000	0.0661	0.6780	0.1051	0.7460	14.0000	0.7658	0.6920	0.7988	0.7300	14.0000	0.7988	0.7040	0.8318	0.7440	14.0000	0.8108	0.6760	0.8378	0.7060	14.0000	0.8769	0.6900	0.9009	0.7400	14.0000	0.8919	0.6840	0.9279	0.7280	14.0000	0.9820	0.6700	1.0000	0.7380	14.0000	0.5165	0.6680	0.5916	0.7680	14.0000	0.5225	0.6700	0.5495	0.6940	14.0000	0.4805	0.6860	0.5375	0.7480	6.0000	0.0030	0.6980	0.0330	0.7500	15.0000	0.2613	0.5400	0.3453	0.5920	15.0000	0.8679	0.5760	0.9459	0.6220	VOC2012/JPEGImages/2011_001025.jpg
250	2	5	6.0000	0.7544	0.6960	0.9467	0.7660	VOC2012/JPEGImages/2008_000253.jpg
251	2	5	14.0000	0.8300	0.7327	0.8740	0.8859	14.0000	0.8280	0.6607	0.8740	0.7508	14.0000	0.7660	0.5856	0.7980	0.6817	18.0000	0.0020	0.4865	0.4060	0.9820	18.0000	0.3260	0.4865	0.8440	1.0000	18.0000	0.8700	0.5105	1.0000	0.6637	VOC2012/JPEGImages/2010_000080.jpg
252	2	5	7.0000	0.3620	0.4507	0.9280	0.9973	14.0000	0.3940	0.1813	1.0000	1.0000	17.0000	0.2420	0.1040	1.0000	1.0000	VOC2012/JPEGImages/2010_005606.jpg
253	2	5	11.0000	0.3311	0.4260	0.9365	0.8220	14.0000	0.0903	0.0500	1.0000	1.0000	14.0000	0.0033	0.0480	0.1839	0.2940	14.0000	0.0033	0.0020	0.0669	0.1480	10.0000	0.0100	0.5860	0.9331	0.7900	8.0000	0.8328	0.7680	1.0000	1.0000	VOC2012/JPEGImages/2011_001276.jpg
254	2	5	3.0000	0.4920	0.2620	0.5680	0.5271	VOC2007/JPEGImages/002039.jpg
255	2	5	2.0000	0.2240	0.2187	1.0000	1.0000	VOC2012/JPEGImages/2010_003362.jpg
256	2	5	8.0000	0.6700	0.1680	0.9880	0.6267	17.0000	0.0020	0.1760	0.5620	0.9147	14.0000	0.0440	0.2533	0.4680	0.5920	VOC2012/JPEGImages/2008_006979.jpg
257	2	5	7.0000	0.0028	0.0020	0.9972	1.0000	VOC2012/JPEGImages/2011_001264.jpg
258	2	5	6.0000	0.4240	0.8160	0.6620	0.9280	VOC2012/JPEGImages/2008_001334.jpg
259	2	5	14.0000	0.6688	0.1362	1.0000	1.0000	14.0000	0.0127	0.0681	0.4204	1.0000	14.0000	0.0510	0.1191	0.6911	1.0000	VOC2007/JPEGImages/002935.jpg
260	2	5	3.0000	0.1420	0.3893	0.7300	0.5600	3.0000	0.4540	0.4773	0.5880	0.5760	VOC2007/JPEGImages/003337.jpg
261	2	5	14.0000	0.0020	0.0027	0.8600	1.0000	VOC2012/JPEGImages/2009_004570.jpg
262	2	5	17.0000	0.2923	0.5649	0.7332	0.9404	17.0000	0.6821	0.5298	0.7796	0.6667	8.0000	0.7749	0.5228	0.9002	0.7123	VOC2007/JPEGImages/005864.jpg
263	2	5	7.0000	0.0020	0.0027	1.0000	0.8080	VOC2012/JPEGImages/2009_000638.jpg
264	2	5	2.0000	0.1520	0.0742	0.4280	0.4807	2.0000	0.6700	0.4748	0.9400	0.8101	VOC2012/JPEGImages/2008_008435.jpg
265	2	5	14.0000	0.4420	0.4133	0.5480	0.8667	10.0000	0.6820	0.6693	1.0000	0.9173	8.0000	0.8420	0.7040	0.9800	1.0000	8.0000	0.6140	0.6267	0.7700	0.9440	VOC2012/JPEGImages/2008_000418.jpg
266	2	5	6.0000	0.1540	0.5250	0.3740	0.6650	6.0000	0.6360	0.5500	0.8880	0.7400	6.0000	0.0720	0.5300	0.6560	0.9375	VOC2012/JPEGImages/2009_005294.jpg
267	2	5	6.0000	0.0027	0.1160	0.9840	0.9160	VOC2007/JPEGImages/000494.jpg
268	2	5	12.0000	0.0030	0.0020	0.8709	1.0000	VOC2012/JPEGImages/2008_005396.jpg
269	2	5	19.0000	0.8006	0.2220	1.0000	0.3960	14.0000	0.0337	0.1160	0.3436	0.8980	14.0000	0.3620	0.1520	0.6166	0.8620	14.0000	0.5736	0.1440	0.8006	0.8500	VOC2007/JPEGImages/003260.jpg
270	2	5	5.0000	0.1040	0.0027	0.9040	0.9867	6.0000	0.9380	0.4320	1.0000	0.6107	VOC2012/JPEGImages/2010_005457.jpg
271	2	5	14.0000	0.0040	0.0053	0.6760	0.9973	14.0000	0.5020	0.0107	1.0000	1.0000	14.0000	0.0020	0.0027	0.2360	0.6987	VOC2007/JPEGImages/005765.jpg
272	2	5	6.0000	0.0020	0.5646	0.2920	0.9910	6.0000	0.1580	0.5315	0.5320	0.8048	6.0000	0.4280	0.5015	0.6680	0.6727	6.0000	0.5360	0.4895	0.7380	0.6396	6.0000	0.7160	0.4865	0.7980	0.5826	6.0000	0.7740	0.4835	0.8280	0.5616	6.0000	0.8080	0.4685	0.8420	0.5345	14.0000	0.8380	0.4505	0.9040	0.6907	14.0000	0.8720	0.4204	0.9100	0.6517	14.0000	0.3040	0.5646	0.3820	0.6577	14.0000	0.5400	0.5225	0.5800	0.5976	14.0000	0.6320	0.5045	0.6640	0.5676	VOC2007/JPEGImages/007932.jpg
273	2	5	12.0000	0.2500	0.2640	0.8840	0.8480	VOC2007/JPEGImages/006134.jpg
274	2	5	2.0000	0.0025	0.1580	0.9479	1.0000	VOC2012/JPEGImages/2008_000318.jpg
275	2	5	0.0000	0.2640	0.3554	1.0000	0.7801	VOC2012/JPEGImages/2010_006082.jpg
276	2	5	18.0000	0.0020	0.1440	0.9320	0.7387	6.0000	0.4220	0.1067	0.5000	0.1680	6.0000	0.3540	0.0960	0.4380	0.1573	6.0000	0.3060	0.0747	0.4120	0.1440	VOC2007/JPEGImages/005481.jpg
277	2	5	18.0000	0.4360	0.3033	0.6500	0.8739	14.0000	0.1940	0.6877	0.2260	0.8829	VOC2007/JPEGImages/001775.jpg
278	2	5	12.0000	0.3640	0.3413	0.5480	0.5813	VOC2007/JPEGImages/003015.jpg
279	2	5	2.0000	0.0613	0.0440	0.9760	0.8460	VOC2012/JPEGImages/2011_001967.jpg
280	2	5	8.0000	0.5440	0.4533	0.7460	0.8027	8.0000	0.5560	0.5360	0.9120	1.0000	8.0000	0.3780	0.4160	0.5040	0.7360	8.0000	0.1480	0.4400	0.3280	0.7520	8.0000	0.0940	0.5307	0.4260	1.0000	8.0000	0.0040	0.5120	0.1200	0.7947	VOC2007/JPEGImages/003767.jpg
281	2	5	12.0000	0.2300	0.0400	0.6560	1.0000	12.0000	0.5080	0.4720	0.5820	0.5893	14.0000	0.7280	0.4560	0.7740	0.6720	14.0000	0.6880	0.4507	0.7420	0.6053	14.0000	0.5960	0.4667	0.6680	0.9307	14.0000	0.4440	0.5467	0.5040	0.7573	14.0000	0.0160	0.3893	0.1360	0.8880	VOC2007/JPEGImages/006862.jpg
282	2	5	18.0000	0.0020	0.3514	0.6380	1.0000	VOC2012/JPEGImages/2009_004799.jpg
283	2	5	7.0000	0.3520	0.1227	1.0000	1.0000	VOC2012/JPEGImages/2008_001885.jpg
284	2	5	7.0000	0.0020	0.0027	1.0000	1.0000	VOC2012/JPEGImages/2008_004672.jpg
285	2	5	14.0000	0.4518	0.3340	0.6952	0.9520	12.0000	0.2346	0.1920	0.4803	0.9160	14.0000	0.1667	0.1160	0.5307	0.6720	VOC2012/JPEGImages/2008_004533.jpg
286	2	5	14.0000	0.8300	0.1493	1.0000	0.7573	14.0000	0.3980	0.2693	0.5680	0.6587	14.0000	0.1980	0.3787	0.4880	0.9707	14.0000	0.0020	0.1627	0.4200	1.0000	14.0000	0.0280	0.1893	0.1360	0.4400	10.0000	0.3340	0.6027	1.0000	1.0000	VOC2007/JPEGImages/006934.jpg
287	2	5	13.0000	0.0920	0.1832	0.8920	0.8919	14.0000	0.7880	0.0030	1.0000	0.6997	VOC2007/JPEGImages/007200.jpg
288	2	5	7.0000	0.5520	0.4985	0.7020	0.6246	6.0000	0.1640	0.1862	0.4020	0.3153	6.0000	0.7280	0.2312	0.8900	0.3423	6.0000	0.0020	0.1652	0.1120	0.4024	VOC2012/JPEGImages/2008_000619.jpg
289	2	5	14.0000	0.4620	0.6667	0.5320	0.7867	14.0000	0.4660	0.7120	0.5460	0.9173	8.0000	0.5440	0.7600	0.5960	0.8853	14.0000	0.0980	0.6400	0.1300	0.7520	14.0000	0.1280	0.6533	0.1540	0.7413	15.0000	0.0940	0.7360	0.1380	0.8480	15.0000	0.0300	0.7680	0.0820	0.9067	13.0000	0.1400	0.7200	0.3300	0.8800	15.0000	0.3140	0.8853	0.4680	0.9973	15.0000	0.8360	0.8587	0.9600	1.0000	3.0000	0.0480	0.2160	1.0000	0.8453	VOC2012/JPEGImages/2009_003351.jpg
290	2	5	11.0000	0.1680	0.1815	0.7200	0.7877	VOC2007/JPEGImages/002810.jpg
291	2	5	4.0000	0.3840	0.4827	0.4380	0.5733	1.0000	0.2200	0.3387	0.5900	0.7093	14.0000	0.4260	0.0800	0.7120	0.7573	VOC2007/JPEGImages/005430.jpg
292	2	5	0.0000	0.7360	0.6677	0.9520	0.7857	0.0000	0.0020	0.3075	0.8500	0.8230	VOC2012/JPEGImages/2008_000756.jpg
293	2	5	13.0000	0.4160	0.4615	0.7080	0.9231	13.0000	0.7420	0.5358	0.8820	0.7666	14.0000	0.4900	0.4271	0.6520	0.8302	14.0000	0.7600	0.4589	0.8720	0.7241	VOC2012/JPEGImages/2009_000119.jpg
294	2	5	7.0000	0.2373	0.2880	0.5733	0.7020	8.0000	0.0027	0.5400	0.5413	1.0000	1.0000	0.0027	0.4880	0.6213	0.8240	1.0000	0.0053	0.4900	0.2747	0.7600	VOC2012/JPEGImages/2010_002693.jpg
295	2	5	9.0000	0.0020	0.2853	0.0740	0.6347	9.0000	0.2200	0.2587	0.5280	0.5173	9.0000	0.5000	0.2507	0.7180	0.4880	9.0000	0.7660	0.2560	0.8460	0.4667	9.0000	0.9280	0.2000	1.0000	0.3520	6.0000	0.2000	0.1680	0.2800	0.2507	6.0000	0.6580	0.1467	0.7480	0.2427	6.0000	0.8080	0.1707	0.8760	0.2240	6.0000	0.8800	0.1840	0.9700	0.2213	VOC2012/JPEGImages/2008_001062.jpg
296	2	5	14.0000	0.2373	0.0960	0.6187	0.4220	4.0000	0.4987	0.2200	0.6000	0.4700	4.0000	0.2827	0.1540	0.3840	0.5400	4.0000	0.1573	0.1480	0.2853	0.5460	4.0000	0.0107	0.1840	0.1387	0.5360	10.0000	0.0053	0.4180	0.9947	1.0000	VOC2012/JPEGImages/2009_001011.jpg
297	2	5	2.0000	0.4195	0.7740	0.7204	1.0000	14.0000	0.0395	0.1500	0.9119	0.7460	14.0000	0.0030	0.0020	0.5015	0.5460	VOC2007/JPEGImages/000731.jpg
298	2	5	11.0000	0.0020	0.2000	0.6720	1.0000	VOC2012/JPEGImages/2010_002589.jpg
299	2	5	0.0000	0.0100	0.2711	0.9940	0.7831	VOC2007/JPEGImages/009432.jpg
300	2	5	14.0000	0.4380	0.5040	0.7780	1.0000	6.0000	0.0020	0.4747	0.9560	0.9440	VOC2012/JPEGImages/2008_002741.jpg
301	2	5	11.0000	0.0020	0.0208	0.9840	0.9250	VOC2012/JPEGImages/2010_001838.jpg
302	2	5	13.0000	0.2240	0.2100	0.7760	0.9080	VOC2012/JPEGImages/2009_001253.jpg
303	2	5	14.0000	0.0760	0.1733	0.6700	1.0000	VOC2012/JPEGImages/2008_001821.jpg
304	2	5	14.0000	0.2920	0.1562	0.7060	0.9039	14.0000	0.0020	0.0571	0.3200	0.9309	14.0000	0.4700	0.0661	1.0000	1.0000	VOC2007/JPEGImages/004928.jpg
305	2	5	7.0000	0.1540	0.1413	0.8300	0.7467	VOC2007/JPEGImages/004076.jpg
306	2	5	11.0000	0.0027	0.0020	0.9973	0.9980	VOC2012/JPEGImages/2010_000045.jpg
307	2	5	13.0000	0.2080	0.1040	0.7260	0.9227	VOC2012/JPEGImages/2011_000060.jpg
308	2	5	5.0000	0.6620	0.9200	0.7780	0.9627	VOC2012/JPEGImages/2011_000180.jpg
309	2	5	2.0000	0.1544	0.0740	0.6912	0.9440	VOC2012/JPEGImages/2009_001422.jpg
310	2	5	6.0000	0.1429	0.2020	0.9710	0.7542	VOC2012/JPEGImages/2010_005119.jpg
311	2	5	8.0000	0.4960	0.0347	0.7500	0.7760	15.0000	0.0020	0.2480	0.2780	0.7307	15.0000	0.7340	0.4213	0.8860	0.7067	15.0000	0.8600	0.4960	1.0000	0.6880	VOC2012/JPEGImages/2010_000470.jpg
312	2	5	5.0000	0.3540	0.4984	0.8800	0.8349	VOC2012/JPEGImages/2011_000969.jpg
313	2	5	19.0000	0.0380	0.1760	0.1660	0.3200	19.0000	0.3580	0.3227	0.5440	0.6533	19.0000	0.2800	0.3013	0.4380	0.5920	19.0000	0.5260	0.2160	0.5760	0.4347	19.0000	0.5720	0.2400	0.6840	0.4560	8.0000	0.6780	0.4240	0.9400	0.9547	8.0000	0.4620	0.6373	0.7660	1.0000	8.0000	0.1560	0.4560	0.3560	0.8000	VOC2012/JPEGImages/2009_000629.jpg
314	2	5	18.0000	0.0020	0.0450	0.4600	0.9159	VOC2012/JPEGImages/2008_001926.jpg
315	2	5	18.0000	0.1840	0.2722	0.7800	0.6636	18.0000	0.8720	0.4740	0.9540	0.5596	18.0000	0.8060	0.4679	0.8700	0.5657	VOC2012/JPEGImages/2009_000051.jpg
316	2	5	1.0000	0.2186	0.5500	0.6810	0.8360	1.0000	0.8351	0.5300	1.0000	0.6380	14.0000	0.3262	0.3580	0.7527	0.8140	14.0000	0.0502	0.4640	0.1828	0.6360	14.0000	0.3154	0.4440	0.4158	0.6440	14.0000	0.6810	0.4460	0.8065	0.6660	14.0000	0.8495	0.4660	1.0000	0.6180	14.0000	0.7527	0.4420	0.8602	0.6580	14.0000	0.1434	0.4760	0.2007	0.6020	VOC2012/JPEGImages/2010_003671.jpg
317	2	5	7.0000	0.0020	0.2061	0.8000	1.0000	VOC2012/JPEGImages/2010_002192.jpg
318	2	5	5.0000	0.1260	0.0720	0.9120	0.9973	6.0000	0.0020	0.4400	0.1480	0.8827	VOC2012/JPEGImages/2009_001675.jpg
319	2	5	3.0000	0.0020	0.4640	0.6600	1.0000	14.0000	0.2300	0.0267	0.7020	0.6827	VOC2012/JPEGImages/2008_004636.jpg
320	2	5	1.0000	0.4840	0.3200	0.8020	0.5920	14.0000	0.5880	0.2000	0.7600	0.4907	VOC2012/JPEGImages/2010_002497.jpg
321	2	5	17.0000	0.2360	0.0053	0.6800	0.3200	17.0000	0.7900	0.0053	1.0000	0.3227	10.0000	0.0020	0.4453	0.9860	0.9973	14.0000	0.1560	0.1227	0.3880	0.5893	14.0000	0.4200	0.2560	0.9340	0.7947	VOC2007/JPEGImages/002061.jpg
322	2	5	19.0000	0.2140	0.1627	0.7020	0.8400	VOC2007/JPEGImages/002328.jpg
323	2	5	14.0000	0.3600	0.1548	0.9620	0.7548	VOC2007/JPEGImages/001977.jpg
324	2	5	6.0000	0.1040	0.1375	0.9580	0.9275	6.0000	0.2180	0.0975	0.3560	0.1600	6.0000	0.5080	0.1075	0.5400	0.1400	6.0000	0.4400	0.1075	0.4720	0.1350	VOC2007/JPEGImages/001093.jpg
325	2	5	4.0000	0.9160	0.4027	0.9440	0.5280	VOC2012/JPEGImages/2008_003621.jpg
326	2	5	10.0000	0.2780	0.6987	1.0000	1.0000	14.0000	0.4880	0.3173	0.7880	0.7467	14.0000	0.0600	0.3467	0.4840	1.0000	17.0000	0.1400	0.3520	0.5580	0.6693	VOC2012/JPEGImages/2011_001215.jpg
327	2	5	9.0000	0.2780	0.4107	0.7400	0.7840	VOC2012/JPEGImages/2008_007123.jpg
328	2	5	5.0000	0.1840	0.4533	0.5460	0.6507	5.0000	0.0020	0.4827	0.1940	0.6027	VOC2012/JPEGImages/2009_005231.jpg
329	2	5	3.0000	0.2300	0.1557	0.5740	0.8802	3.0000	0.7360	0.7425	0.8560	0.8144	VOC2007/JPEGImages/003861.jpg
330	2	5	2.0000	0.2342	0.1580	0.5405	0.7680	VOC2012/JPEGImages/2009_001397.jpg
331	2	5	8.0000	0.9580	0.4560	1.0000	0.5333	8.0000	0.9020	0.4987	0.9600	0.5653	8.0000	0.5500	0.5333	0.6420	0.6747	15.0000	0.7680	0.4187	0.8360	0.5653	15.0000	0.3680	0.5093	0.5720	0.7013	VOC2012/JPEGImages/2008_005914.jpg
332	2	5	2.0000	0.3480	0.0721	0.7100	1.0000	VOC2007/JPEGImages/003250.jpg
333	2	5	12.0000	0.4020	0.2517	1.0000	1.0000	14.0000	0.0020	0.1293	0.4280	1.0000	12.0000	0.0020	0.5068	0.5980	1.0000	VOC2012/JPEGImages/2011_002884.jpg
334	2	5	16.0000	0.7380	0.5151	0.8980	0.8102	16.0000	0.2900	0.4789	0.5100	0.7831	6.0000	0.3420	0.2711	0.5620	0.5361	VOC2012/JPEGImages/2009_004171.jpg
335	2	5	7.0000	0.3120	0.0027	0.9880	0.6800	VOC2012/JPEGImages/2008_002294.jpg
336	2	5	0.0000	0.3140	0.3387	0.8240	0.7440	VOC2007/JPEGImages/006374.jpg
337	2	5	14.0000	0.5660	0.3600	1.0000	1.0000	14.0000	0.0200	0.2667	0.4380	1.0000	14.0000	0.3120	0.2907	0.5560	0.6613	10.0000	0.2080	0.6027	0.9180	1.0000	8.0000	0.5120	0.4693	0.6660	0.6160	VOC2012/JPEGImages/2010_005626.jpg
338	2	5	1.0000	0.4747	0.4600	0.5307	0.5140	1.0000	0.5227	0.3720	0.5440	0.4080	14.0000	0.4667	0.4240	0.5253	0.4840	14.0000	0.5253	0.3560	0.5440	0.3820	VOC2012/JPEGImages/2008_003072.jpg
339	2	5	19.0000	0.1540	0.0480	0.4860	0.6800	VOC2007/JPEGImages/008121.jpg
340	2	5	5.0000	0.0478	0.0948	0.9587	0.8758	5.0000	0.7000	0.0752	1.0000	0.5686	VOC2012/JPEGImages/2009_003053.jpg
341	2	5	19.0000	0.0760	0.2053	0.8420	0.9733	VOC2012/JPEGImages/2008_002547.jpg
342	2	5	4.0000	0.5620	0.6817	0.6220	0.9910	19.0000	0.2440	0.0571	0.6540	0.5285	VOC2007/JPEGImages/007250.jpg
343	2	5	10.0000	0.0040	0.5680	1.0000	1.0000	4.0000	0.8400	0.5520	0.9420	0.9440	4.0000	0.4900	0.5760	0.5480	0.8213	4.0000	0.4780	0.5013	0.5540	0.7813	4.0000	0.5940	0.4827	0.6680	0.7360	4.0000	0.2720	0.4693	0.3840	0.5520	15.0000	0.5520	0.1147	0.6880	0.2853	8.0000	0.8880	0.4187	1.0000	0.5867	14.0000	0.6780	0.2987	1.0000	0.6667	14.0000	0.5320	0.2720	0.7520	0.6347	14.0000	0.2280	0.2267	0.5220	0.5973	14.0000	0.0120	0.2773	0.2200	0.6133	VOC2007/JPEGImages/004742.jpg
344	2	5	2.0000	0.2700	0.1227	1.0000	0.9973	2.0000	0.2480	0.3893	0.7300	1.0000	VOC2007/JPEGImages/000645.jpg
345	2	5	0.0000	0.0460	0.0027	1.0000	1.0000	14.0000	0.4000	0.5307	0.6140	1.0000	14.0000	0.1220	0.9467	0.1720	1.0000	14.0000	0.0240	0.9573	0.0780	1.0000	14.0000	0.6220	0.9680	0.6460	1.0000	14.0000	0.5820	0.9573	0.6160	1.0000	VOC2012/JPEGImages/2008_008479.jpg
346	2	5	2.0000	0.0640	0.0132	1.0000	1.0000	VOC2012/JPEGImages/2009_000317.jpg
347	2	5	6.0000	0.0920	0.1520	0.9580	0.8240	VOC2012/JPEGImages/2010_000952.jpg
348	2	5	14.0000	0.1280	0.1040	0.5180	1.0000	14.0000	0.4760	0.1440	0.8460	1.0000	VOC2012/JPEGImages/2008_000217.jpg
349	2	5	14.0000	0.2600	0.0587	0.8240	1.0000	17.0000	0.0460	0.1280	1.0000	1.0000	VOC2012/JPEGImages/2008_003271.jpg
350	2	5	14.0000	0.3275	0.0924	0.7600	1.0000	VOC2012/JPEGImages/2009_000606.jpg
351	2	5	7.0000	0.0020	0.0027	0.9980	1.0000	VOC2012/JPEGImages/2011_002685.jpg
352	2	5	13.0000	0.1020	0.3630	0.8300	1.0000	14.0000	0.3220	0.1849	0.6840	0.7534	VOC2012/JPEGImages/2009_004502.jpg
353	2	5	0.0000	0.0020	0.3123	1.0000	0.8168	VOC2012/JPEGImages/2008_003369.jpg
354	2	5	14.0000	0.2580	0.3868	0.5740	0.7830	1.0000	0.5060	0.0031	0.9560	0.6384	VOC2012/JPEGImages/2008_003075.jpg
355	2	5	7.0000	0.1960	0.1253	0.8220	1.0000	VOC2012/JPEGImages/2010_000458.jpg
356	2	5	1.0000	0.1480	0.4053	0.7720	0.9040	VOC2012/JPEGImages/2011_002657.jpg
357	2	5	3.0000	0.4860	0.3544	0.6380	0.4444	VOC2012/JPEGImages/2010_002104.jpg
358	2	5	5.0000	0.1740	0.0751	0.8220	0.8048	6.0000	0.8460	0.4895	0.9280	0.6096	14.0000	0.4140	0.3423	0.5200	0.4805	14.0000	0.9120	0.4685	0.9600	0.6607	14.0000	0.9460	0.4535	0.9920	0.6517	14.0000	0.9680	0.4505	0.9980	0.6547	14.0000	0.1180	0.4264	0.1620	0.6096	14.0000	0.0800	0.4294	0.1220	0.6156	14.0000	0.0280	0.4384	0.0760	0.6276	14.0000	0.0080	0.4264	0.0500	0.6066	VOC2012/JPEGImages/2010_005284.jpg
359	2	5	12.0000	0.0020	0.1760	0.6700	1.0000	VOC2012/JPEGImages/2009_003083.jpg
360	2	5	13.0000	0.2780	0.0080	0.6820	0.8907	VOC2007/JPEGImages/006747.jpg
361	2	5	0.0000	0.0020	0.2705	1.0000	1.0000	14.0000	0.0520	0.1851	0.0940	0.3630	VOC2007/JPEGImages/003386.jpg
362	2	5	11.0000	0.1480	0.3547	0.7140	0.8507	VOC2012/JPEGImages/2009_005153.jpg
363	2	5	19.0000	0.2180	0.4384	0.3220	0.5766	17.0000	0.7600	0.6126	1.0000	1.0000	8.0000	0.6180	0.5135	0.9000	0.8168	VOC2007/JPEGImages/001650.jpg
364	2	5	14.0000	0.3360	0.1813	1.0000	1.0000	14.0000	0.0020	0.2853	0.4520	1.0000	14.0000	0.7180	0.2293	0.8660	0.5840	14.0000	0.3500	0.2373	0.4760	0.7067	14.0000	0.3680	0.4080	0.5380	0.7947	15.0000	0.0260	0.4587	0.0680	0.5893	VOC2012/JPEGImages/2011_000391.jpg
365	2	5	14.0000	0.0040	0.3281	0.3820	1.0000	14.0000	0.2140	0.3219	0.5880	1.0000	14.0000	0.4500	0.3375	0.6980	0.9938	14.0000	0.6260	0.1344	0.9260	1.0000	VOC2007/JPEGImages/002649.jpg
366	2	5	2.0000	0.3060	0.2465	0.7160	0.8414	VOC2007/JPEGImages/009459.jpg
367	2	5	9.0000	0.4320	0.3772	0.5440	0.4551	9.0000	0.5100	0.3713	0.6160	0.4431	9.0000	0.5020	0.3772	0.5560	0.4072	VOC2012/JPEGImages/2010_002372.jpg
368	2	5	14.0000	0.0080	0.0042	0.5620	0.9958	14.0000	0.4060	0.0083	0.9940	0.9958	VOC2007/JPEGImages/006176.jpg
369	2	5	11.0000	0.2360	0.3694	0.5740	1.0000	14.0000	0.3640	0.0901	0.9300	0.7027	14.0000	0.1020	0.0030	0.3640	0.3213	14.0000	0.0020	0.0030	0.5360	0.9910	VOC2007/JPEGImages/009918.jpg
370	2	5	5.0000	0.1920	0.0029	0.9760	0.9448	6.0000	0.0020	0.5930	0.2220	0.8837	VOC2012/JPEGImages/2010_001403.jpg
371	2	5	13.0000	0.0027	0.4060	0.8480	1.0000	14.0000	0.2293	0.2040	0.6773	1.0000	14.0000	0.4533	0.2380	0.7333	0.9240	VOC2012/JPEGImages/2008_007565.jpg
372	2	5	14.0000	0.4100	0.2587	0.7100	1.0000	14.0000	0.3760	0.4347	0.4340	0.6293	6.0000	0.2340	0.4293	0.3200	0.4827	6.0000	0.3200	0.4320	0.3920	0.4720	6.0000	0.0940	0.4240	0.2020	0.5120	VOC2007/JPEGImages/001561.jpg
373	2	5	8.0000	0.2120	0.0427	0.8820	1.0000	VOC2012/JPEGImages/2008_006258.jpg
374	2	5	17.0000	0.1556	0.3815	0.7694	0.7296	8.0000	0.7500	0.3852	1.0000	0.7889	8.0000	0.0167	0.5000	0.5167	1.0000	VOC2007/JPEGImages/003609.jpg
375	2	5	7.0000	0.0020	0.0027	1.0000	1.0000	VOC2012/JPEGImages/2008_002766.jpg
376	2	5	14.0000	0.2020	0.4027	0.3020	0.5013	14.0000	0.3660	0.4000	0.4520	0.5387	14.0000	0.8740	0.0027	1.0000	0.9973	14.0000	0.0020	0.1813	0.4140	1.0000	14.0000	0.3980	0.2693	0.7660	0.8107	14.0000	0.6320	0.2933	0.9360	0.6560	4.0000	0.6180	0.6827	0.7300	1.0000	4.0000	0.5480	0.6107	0.6260	0.8587	4.0000	0.9440	0.5307	0.9860	0.7067	10.0000	0.0040	0.6320	1.0000	1.0000	VOC2007/JPEGImages/002030.jpg
377	2	5	2.0000	0.2720	0.3733	0.3580	0.4453	2.0000	0.2840	0.3413	0.3200	0.3680	16.0000	0.6580	0.4480	0.8580	0.6800	16.0000	0.1780	0.4080	0.3880	0.6827	14.0000	0.0700	0.0880	0.0880	0.1387	14.0000	0.0480	0.0827	0.0640	0.1387	14.0000	0.0360	0.0827	0.0520	0.1200	14.0000	0.0200	0.0720	0.0380	0.1387	14.0000	0.0020	0.0773	0.0200	0.1253	VOC2012/JPEGImages/2011_000834.jpg
378	2	5	7.0000	0.0920	0.3413	0.9500	0.8107	VOC2012/JPEGImages/2010_000665.jpg
379	2	5	5.0000	0.1980	0.2213	0.8100	0.7733	6.0000	0.0040	0.4720	0.1040	0.5307	6.0000	0.0980	0.4667	0.1680	0.5280	6.0000	0.1100	0.4720	0.1900	0.5227	6.0000	0.1840	0.4747	0.2060	0.5173	VOC2012/JPEGImages/2011_000239.jpg
380	2	5	16.0000	0.5080	0.0240	0.5980	0.2267	16.0000	0.5900	0.0213	0.7980	0.2427	16.0000	0.7320	0.1467	0.8980	0.3360	16.0000	0.4280	0.4987	0.7220	0.8533	16.0000	0.4220	0.5413	0.5440	0.8613	16.0000	0.2180	0.4960	0.4440	0.9093	16.0000	0.0240	0.5120	0.2760	0.8320	VOC2012/JPEGImages/2009_004164.jpg
381	2	5	14.0000	0.1729	0.5410	0.2792	0.8525	12.0000	0.2625	0.5607	0.3875	0.8295	16.0000	0.4479	0.5016	0.5021	0.6361	VOC2012/JPEGImages/2008_006298.jpg
382	2	5	17.0000	0.1860	0.5600	0.9120	1.0000	15.0000	0.0020	0.0027	0.5900	1.0000	15.0000	0.5960	0.0027	0.7880	0.7520	19.0000	0.7700	0.4107	0.8580	0.5013	VOC2007/JPEGImages/007999.jpg
383	2	5	19.0000	0.3140	0.1680	0.9800	0.7840	6.0000	0.1360	0.4853	0.3140	0.5733	14.0000	0.1060	0.5093	0.1300	0.6027	14.0000	0.0180	0.5627	0.0480	0.6373	14.0000	0.0780	0.4987	0.1120	0.5653	VOC2012/JPEGImages/2008_005255.jpg
384	2	5	18.0000	0.0020	0.0367	1.0000	1.0000	VOC2007/JPEGImages/005214.jpg
385	2	5	2.0000	0.2213	0.0180	0.8711	0.9720	VOC2012/JPEGImages/2008_008354.jpg
386	2	5	8.0000	0.7200	0.5973	0.8540	1.0000	14.0000	0.3540	0.2187	0.7440	1.0000	19.0000	0.0020	0.3173	0.1760	0.7360	4.0000	0.5660	0.2080	0.6220	0.4613	14.0000	0.8280	0.0107	0.9900	0.2293	8.0000	0.8860	0.1387	1.0000	0.3733	VOC2012/JPEGImages/2008_004501.jpg
387	2	5	14.0000	0.3020	0.1200	0.8440	0.8907	14.0000	0.6020	0.2053	1.0000	0.8987	3.0000	0.0720	0.6960	1.0000	1.0000	VOC2012/JPEGImages/2008_000423.jpg
388	2	5	12.0000	0.3720	0.4213	0.6020	0.6907	14.0000	0.4380	0.3813	0.5080	0.5920	VOC2012/JPEGImages/2011_002730.jpg
389	2	5	15.0000	0.3063	0.7100	0.5285	0.8540	VOC2012/JPEGImages/2009_002670.jpg
390	2	5	3.0000	0.0660	0.0030	0.5520	0.9212	VOC2012/JPEGImages/2008_005502.jpg
391	2	5	2.0000	0.1520	0.1893	0.9820	0.8133	VOC2007/JPEGImages/002136.jpg
392	2	5	4.0000	0.0020	0.0030	0.5840	0.9970	VOC2012/JPEGImages/2011_002131.jpg
393	2	5	6.0000	0.0600	0.1300	0.9400	0.9845	6.0000	0.0020	0.2632	0.2360	0.7895	VOC2012/JPEGImages/2010_003453.jpg
394	2	5	5.0000	0.3760	0.5760	0.6540	0.7653	6.0000	0.0020	0.6453	0.1660	0.8987	6.0000	0.0760	0.6827	0.4700	1.0000	6.0000	0.3920	0.6827	0.6260	0.9680	6.0000	0.7920	0.7360	1.0000	0.9813	VOC2007/JPEGImages/007003.jpg
395	2	5	14.0000	0.5220	0.1051	0.6340	0.5616	12.0000	0.2780	0.2643	0.7760	0.8559	VOC2012/JPEGImages/2008_006317.jpg
396	2	5	14.0000	0.3123	0.1160	1.0000	1.0000	14.0000	0.0030	0.0020	0.3754	0.9220	VOC2007/JPEGImages/007182.jpg
397	2	5	4.0000	0.2640	0.4080	0.3840	0.7787	14.0000	0.0020	0.0027	0.8720	0.9653	VOC2012/JPEGImages/2011_000344.jpg
398	2	5	0.0000	0.4080	0.3440	0.4560	0.4027	0.0000	0.4640	0.4107	0.5080	0.4720	0.0000	0.5320	0.4933	0.5760	0.5520	0.0000	0.5300	0.5493	0.5760	0.6080	0.0000	0.5440	0.6107	0.5880	0.6640	VOC2007/JPEGImages/007976.jpg
399	2	5	6.0000	0.6560	0.4480	0.7700	0.5227	6.0000	0.0460	0.4347	0.1580	0.5147	6.0000	0.8020	0.4747	0.8880	0.5253	6.0000	0.7540	0.4613	0.8140	0.5227	6.0000	0.0020	0.4453	0.0580	0.5040	6.0000	0.9280	0.4693	0.9700	0.5253	VOC2012/JPEGImages/2011_001596.jpg
400	2	5	11.0000	0.4660	0.4267	0.5200	0.5467	6.0000	0.2200	0.0933	0.4980	0.2560	VOC2012/JPEGImages/2010_005987.jpg
401	2	5	14.0000	0.3393	0.0260	0.7447	0.9260	8.0000	0.5676	0.2340	0.7568	0.4240	VOC2012/JPEGImages/2009_002297.jpg
402	2	5	16.0000	0.4860	0.4507	0.5460	0.5947	16.0000	0.1980	0.4880	0.2620	0.6187	16.0000	0.0800	0.5093	0.1640	0.6453	VOC2012/JPEGImages/2009_004201.jpg
403	2	5	6.0000	0.1660	0.0880	0.7680	0.4053	6.0000	0.8100	0.2560	0.9220	0.3787	6.0000	0.0040	0.4213	0.2660	0.7653	6.0000	0.2520	0.4693	0.3780	0.6187	6.0000	0.3600	0.4960	0.4120	0.5787	6.0000	0.4560	0.4667	0.5680	0.6347	VOC2007/JPEGImages/005110.jpg
404	2	5	0.0000	0.0080	0.3387	0.8800	0.8880	3.0000	0.0060	0.5333	0.0500	0.6933	VOC2007/JPEGImages/006773.jpg
405	2	5	5.0000	0.3520	0.1957	1.0000	0.9964	6.0000	0.1100	0.8434	0.3100	0.9680	6.0000	0.0100	0.9146	0.0900	0.9609	VOC2007/JPEGImages/007279.jpg
406	2	5	14.0000	0.2720	0.1100	0.8720	1.0000	14.0000	0.1307	0.0260	0.7120	1.0000	VOC2012/JPEGImages/2008_002484.jpg
407	2	5	11.0000	0.0020	0.2523	0.7980	1.0000	VOC2012/JPEGImages/2010_004900.jpg
408	2	5	13.0000	0.2480	0.3420	1.0000	1.0000	14.0000	0.3387	0.0900	0.6800	0.4960	15.0000	0.8187	0.2640	0.9067	0.3920	15.0000	0.9067	0.2640	0.9893	0.3980	15.0000	0.8587	0.0640	0.9920	0.1960	VOC2007/JPEGImages/004275.jpg
409	2	5	4.0000	0.0053	0.3460	0.1013	0.7360	4.0000	0.0560	0.0980	0.2187	0.7080	4.0000	0.2160	0.5260	0.3493	0.7820	4.0000	0.2427	0.0040	0.4213	0.6720	4.0000	0.3173	0.1960	0.6347	0.7700	10.0000	0.0107	0.6240	0.9947	1.0000	VOC2012/JPEGImages/2011_000622.jpg
410	2	5	0.0000	0.0030	0.4500	0.7357	0.6200	VOC2012/JPEGImages/2010_004817.jpg
411	2	5	2.0000	0.2460	0.2012	0.3960	0.6126	2.0000	0.4600	0.3574	0.6440	1.0000	VOC2012/JPEGImages/2011_001652.jpg
412	2	5	14.0000	0.4700	0.3360	0.5940	0.6427	1.0000	0.4680	0.4640	0.5900	0.7173	VOC2007/JPEGImages/001050.jpg
413	2	5	14.0000	0.2160	0.3520	0.5020	1.0000	14.0000	0.3540	0.2027	0.9420	1.0000	14.0000	0.6280	0.4293	0.7420	0.6453	17.0000	0.0020	0.1733	1.0000	1.0000	10.0000	0.6540	0.0027	0.9240	0.3200	8.0000	0.8880	0.1093	1.0000	0.3227	VOC2012/JPEGImages/2008_000493.jpg
414	2	5	9.0000	0.0680	0.1520	0.9080	0.9227	VOC2012/JPEGImages/2010_000427.jpg
415	2	5	5.0000	0.1560	0.4720	0.2120	0.5253	6.0000	0.1140	0.5200	0.1480	0.5520	VOC2007/JPEGImages/002228.jpg
416	2	5	7.0000	0.2140	0.0400	0.9200	0.6613	VOC2012/JPEGImages/2010_004841.jpg
417	2	5	5.0000	0.2987	0.5760	0.4933	0.6940	5.0000	0.2773	0.6500	0.6133	0.8200	6.0000	0.4213	0.7640	0.5787	0.8340	6.0000	0.6400	0.6760	0.7440	0.7180	6.0000	0.7093	0.6420	0.8000	0.6860	6.0000	0.8613	0.5520	0.9253	0.5880	6.0000	0.9173	0.5400	0.9787	0.5740	6.0000	0.9680	0.5300	1.0000	0.5620	14.0000	0.4107	0.8880	0.4480	0.9520	14.0000	0.4240	0.8780	0.4587	0.9360	14.0000	0.5973	0.9680	0.6400	1.0000	14.0000	0.6293	0.9460	0.6747	1.0000	14.0000	0.6987	0.9680	0.7440	1.0000	14.0000	0.6640	0.9800	0.7040	1.0000	VOC2012/JPEGImages/2008_005350.jpg
418	2	5	11.0000	0.0086	0.0100	0.9914	1.0000	VOC2012/JPEGImages/2010_001464.jpg
419	2	5	11.0000	0.5639	0.6225	0.7556	0.9025	14.0000	0.3947	0.6025	0.7594	1.0000	VOC2012/JPEGImages/2008_004950.jpg
420	2	5	14.0000	0.4680	0.1947	1.0000	1.0000	14.0000	0.8980	0.3707	1.0000	0.5333	14.0000	0.7620	0.4373	1.0000	0.7733	14.0000	0.2180	0.3973	0.5700	1.0000	14.0000	0.7080	0.3893	0.7600	0.5147	VOC2012/JPEGImages/2008_001183.jpg
421	2	5	0.0000	0.0060	0.2643	0.9920	0.7057	VOC2012/JPEGImages/2008_006623.jpg
422	2	5	8.0000	0.5787	0.4420	0.7947	0.8280	8.0000	0.4240	0.4300	0.5840	0.7700	8.0000	0.1920	0.4440	0.4080	0.8220	8.0000	0.3760	0.4760	0.6027	0.9040	10.0000	0.2347	0.4520	0.7760	0.8700	6.0000	0.5173	0.3840	0.7147	0.4520	6.0000	0.5067	0.3540	0.6053	0.4100	6.0000	0.6773	0.3440	0.7947	0.3940	VOC2012/JPEGImages/2009_000212.jpg
423	2	5	9.0000	0.3020	0.4106	0.8540	0.8240	9.0000	0.3840	0.4022	0.7900	0.7961	9.0000	0.4000	0.6034	0.6940	0.7709	VOC2012/JPEGImages/2008_008199.jpg
424	2	5	2.0000	0.2400	0.2507	0.6520	0.5440	VOC2012/JPEGImages/2009_003002.jpg
425	2	5	2.0000	0.0260	0.2373	0.8500	1.0000	VOC2012/JPEGImages/2010_005068.jpg
426	2	5	13.0000	0.0940	0.1253	0.9080	0.9227	6.0000	0.3920	0.0880	0.8820	0.4160	VOC2012/JPEGImages/2008_007264.jpg
427	2	5	0.0000	0.1740	0.3893	0.8760	0.7520	0.0000	0.8400	0.5520	1.0000	0.7120	VOC2012/JPEGImages/2008_003688.jpg
428	2	5	15.0000	0.4220	0.6053	0.7080	0.8240	15.0000	0.1320	0.5813	0.3500	0.7413	15.0000	0.7860	0.5413	0.9280	0.6560	15.0000	0.4500	0.4560	0.5240	0.5680	15.0000	0.0360	0.4693	0.1980	0.6667	15.0000	0.1600	0.3600	0.4520	0.6827	15.0000	0.5540	0.4293	0.6100	0.5067	15.0000	0.5140	0.4933	0.6480	0.6107	15.0000	0.5220	0.5760	0.7000	0.6827	15.0000	0.6400	0.4133	0.7920	0.6213	15.0000	0.9620	0.5227	1.0000	0.6560	VOC2012/JPEGImages/2008_004428.jpg
429	2	5	18.0000	0.1580	0.3362	0.6020	0.5971	VOC2007/JPEGImages/003090.jpg
430	2	5	3.0000	0.4140	0.4373	0.5100	0.5227	3.0000	0.8380	0.4533	0.9980	0.5120	14.0000	0.8520	0.3733	0.9340	0.4747	14.0000	0.9160	0.3733	0.9940	0.5120	14.0000	0.3920	0.3707	0.5220	0.4560	VOC2012/JPEGImages/2011_002519.jpg
431	2	5	10.0000	0.0053	0.7920	0.9973	1.0000	4.0000	0.0987	0.3420	0.3013	0.8800	14.0000	0.0667	0.0020	1.0000	0.9500	14.0000	0.0027	0.0040	0.3120	0.5060	14.0000	0.3307	0.2780	0.4320	0.3600	VOC2007/JPEGImages/006576.jpg
432	2	5	1.0000	0.0720	0.5467	0.3600	0.7707	14.0000	0.1020	0.4267	0.3000	0.7787	14.0000	0.5900	0.3680	0.9000	0.7733	VOC2007/JPEGImages/000030.jpg
433	2	5	17.0000	0.0026	0.2160	1.0000	0.7580	VOC2012/JPEGImages/2009_002713.jpg
434	2	5	4.0000	0.5280	0.1875	0.7820	0.7050	14.0000	0.0020	0.0050	0.9440	1.0000	VOC2007/JPEGImages/005304.jpg
435	2	5	16.0000	0.0020	0.4480	0.5660	0.9707	14.0000	0.5500	0.1493	0.8380	0.7333	14.0000	0.5560	0.2747	0.8040	0.8720	VOC2012/JPEGImages/2010_004332.jpg
436	2	5	7.0000	0.0021	0.0804	0.9750	0.8954	VOC2012/JPEGImages/2010_006078.jpg
437	2	5	17.0000	0.6126	0.4900	1.0000	0.7660	15.0000	0.0030	0.5840	0.1141	1.0000	15.0000	0.0030	0.3220	0.1261	0.5300	14.0000	0.2042	0.6200	0.5225	0.9140	VOC2012/JPEGImages/2009_003459.jpg
438	2	5	14.0000	0.0620	0.0760	0.6300	1.0000	14.0000	0.4040	0.1758	1.0000	1.0000	17.0000	0.5040	0.2233	1.0000	0.8219	14.0000	0.4980	0.0024	1.0000	0.4038	VOC2012/JPEGImages/2008_003181.jpg
439	2	5	17.0000	0.0020	0.1662	0.9400	1.0000	VOC2012/JPEGImages/2009_003394.jpg
440	2	5	7.0000	0.1580	0.0027	0.9520	1.0000	VOC2007/JPEGImages/003674.jpg
441	2	5	7.0000	0.1060	0.1351	0.8160	0.6426	17.0000	0.0020	0.0030	1.0000	1.0000	VOC2012/JPEGImages/2010_001140.jpg
442	2	5	6.0000	0.1520	0.3836	0.8760	0.8656	VOC2012/JPEGImages/2009_002387.jpg
443	2	5	13.0000	0.2580	0.6828	0.3220	0.8218	VOC2012/JPEGImages/2009_001370.jpg
444	2	5	14.0000	0.0020	0.3573	0.2340	1.0000	4.0000	0.0320	0.6560	0.1840	1.0000	4.0000	0.3360	0.7280	0.4280	1.0000	4.0000	0.8340	0.6453	0.8780	0.8587	14.0000	0.2440	0.3013	0.4060	0.5973	14.0000	0.5180	0.3813	0.8140	0.8240	14.0000	0.2040	0.3787	0.5560	0.9733	10.0000	0.0020	0.7653	1.0000	1.0000	8.0000	0.8880	0.7147	1.0000	0.8160	VOC2012/JPEGImages/2010_002269.jpg
445	2	5	17.0000	0.0020	0.6533	1.0000	1.0000	14.0000	0.1160	0.1467	0.7140	1.0000	14.0000	0.1760	0.5360	0.6420	1.0000	14.0000	0.2580	0.6240	0.4920	1.0000	15.0000	0.1920	0.0053	0.3840	0.3813	VOC2012/JPEGImages/2008_006864.jpg
446	2	5	1.0000	0.2160	0.7800	1.0000	1.0000	14.0000	0.5973	0.2060	1.0000	1.0000	6.0000	0.0027	0.3620	0.3787	0.9680	VOC2012/JPEGImages/2009_002058.jpg
447	2	5	14.0000	0.0280	0.0602	0.8220	1.0000	VOC2012/JPEGImages/2008_002167.jpg
448	2	5	6.0000	0.5540	0.8400	0.7360	0.8987	6.0000	0.0020	0.8400	0.1120	0.9333	6.0000	0.2200	0.8293	0.3420	0.9013	6.0000	0.1680	0.8320	0.2400	0.8933	6.0000	0.0740	0.8267	0.1640	0.8960	VOC2007/JPEGImages/007950.jpg
449	2	5	14.0000	0.3787	0.0880	0.8187	0.9380	VOC2012/JPEGImages/2008_001882.jpg
450	2	5	0.0000	0.1000	0.2478	1.0000	0.8507	VOC2007/JPEGImages/000610.jpg
451	2	5	14.0000	0.1380	0.2139	0.4740	1.0000	14.0000	0.5400	0.3128	0.9340	1.0000	14.0000	0.8520	0.3289	1.0000	1.0000	VOC2012/JPEGImages/2010_004280.jpg
452	2	5	0.0000	0.0540	0.2289	0.9620	0.7410	0.0000	0.0040	0.5964	0.1760	0.6988	0.0000	0.1040	0.5904	0.2440	0.6898	VOC2012/JPEGImages/2010_003686.jpg
453	2	5	7.0000	0.3620	0.2453	0.6540	0.6907	VOC2012/JPEGImages/2010_003067.jpg
454	2	5	14.0000	0.7720	0.4453	0.8140	0.6160	14.0000	0.6200	0.3840	0.6700	0.5573	14.0000	0.5680	0.2560	0.6120	0.4053	14.0000	0.6220	0.2320	0.6680	0.2907	6.0000	0.3040	0.4160	0.6060	0.5840	VOC2012/JPEGImages/2008_000226.jpg
455	2	5	1.0000	0.0027	0.0020	1.0000	1.0000	VOC2012/JPEGImages/2010_001540.jpg
456	2	5	2.0000	0.3840	0.4827	0.4840	0.6293	2.0000	0.2500	0.4960	0.3920	0.6987	2.0000	0.1060	0.4160	0.2600	0.6320	VOC2012/JPEGImages/2008_000798.jpg
457	2	5	18.0000	0.1500	0.3009	0.8840	0.7227	VOC2012/JPEGImages/2011_003149.jpg
458	2	5	11.0000	0.3947	0.4140	0.8373	0.6040	4.0000	0.0613	0.8700	0.1867	1.0000	14.0000	0.0987	0.0560	0.8907	0.8380	VOC2012/JPEGImages/2010_002879.jpg
459	2	5	6.0000	0.0740	0.2599	0.9560	0.9602	6.0000	0.2080	0.0875	0.5840	0.3899	VOC2012/JPEGImages/2008_001262.jpg
460	2	5	14.0000	0.3360	0.2427	0.4920	0.9520	VOC2007/JPEGImages/002714.jpg
461	2	5	5.0000	0.2540	0.3940	0.6860	0.8510	5.0000	0.0020	0.5298	0.1060	0.6589	14.0000	0.0020	0.6391	0.0380	0.8444	14.0000	0.0400	0.5795	0.0820	0.7450	14.0000	0.0780	0.6093	0.1220	0.7483	14.0000	0.9460	0.6093	1.0000	0.9073	14.0000	0.9160	0.5795	0.9600	0.8709	VOC2012/JPEGImages/2010_005527.jpg
462	2	5	11.0000	0.2360	0.6100	0.7753	1.0000	14.0000	0.0037	0.1100	0.9700	1.0000	8.0000	0.4869	0.0025	1.0000	0.4375	VOC2012/JPEGImages/2010_004387.jpg
463	2	5	14.0000	0.1240	0.0030	1.0000	0.9970	VOC2007/JPEGImages/001785.jpg
464	2	5	5.0000	0.8520	0.3093	1.0000	0.5413	5.0000	0.7000	0.3093	0.8780	0.5253	5.0000	0.5600	0.3067	0.7240	0.5013	5.0000	0.0020	0.0907	0.0440	0.7093	5.0000	0.0460	0.3253	0.0660	0.5440	5.0000	0.0840	0.3440	0.1180	0.5120	5.0000	0.1180	0.0960	0.8820	0.8720	14.0000	0.4280	0.2853	0.5280	0.5013	VOC2012/JPEGImages/2009_004040.jpg
465	2	5	5.0000	0.0620	0.1541	0.9300	0.9154	14.0000	0.9500	0.6254	0.9900	0.7855	14.0000	0.9800	0.6314	1.0000	0.7915	VOC2012/JPEGImages/2008_003266.jpg
466	2	5	18.0000	0.0240	0.0053	1.0000	1.0000	14.0000	0.6260	0.3547	0.9120	1.0000	VOC2007/JPEGImages/005384.jpg
467	2	5	10.0000	0.5440	0.5796	0.6040	0.6817	8.0000	0.4980	0.5495	0.5580	0.6877	8.0000	0.5860	0.5556	0.6340	0.6787	8.0000	0.5080	0.6036	0.7640	1.0000	8.0000	0.1300	0.6006	0.3860	0.9129	15.0000	0.0360	0.6216	0.1520	0.8529	VOC2012/JPEGImages/2009_001303.jpg
468	2	5	12.0000	0.2980	0.2907	1.0000	1.0000	14.0000	0.8460	0.0027	1.0000	0.9947	VOC2012/JPEGImages/2010_000461.jpg
469	2	5	7.0000	0.0030	0.0020	1.0000	1.0000	VOC2012/JPEGImages/2009_001931.jpg
470	2	5	9.0000	0.0080	0.0020	1.0000	0.9920	VOC2012/JPEGImages/2011_000299.jpg
471	2	5	14.0000	0.3180	0.1333	0.8600	1.0000	VOC2012/JPEGImages/2008_000406.jpg
472	2	5	18.0000	0.1640	0.0450	0.8540	1.0000	18.0000	0.8380	0.6697	1.0000	1.0000	VOC2007/JPEGImages/009289.jpg
473	2	5	14.0000	0.0260	0.2933	0.4260	1.0000	14.0000	0.2980	0.3387	0.7100	1.0000	14.0000	0.5840	0.1627	1.0000	1.0000	11.0000	0.2640	0.5707	0.4980	1.0000	VOC2012/JPEGImages/2008_000829.jpg
474	2	5	2.0000	0.2800	0.1636	0.7560	0.9010	VOC2012/JPEGImages/2009_002056.jpg
475	2	5	11.0000	0.2776	0.1780	0.6776	0.8300	VOC2012/JPEGImages/2008_007519.jpg
476	2	5	9.0000	0.1860	0.0720	0.9120	1.0000	9.0000	0.2340	0.0133	0.6040	0.5920	VOC2012/JPEGImages/2008_006210.jpg
477	2	5	4.0000	0.7813	0.6460	0.8400	0.8020	14.0000	0.1120	0.2980	0.8293	0.9940	VOC2012/JPEGImages/2009_000171.jpg
478	2	5	14.0000	0.7300	0.4053	0.9620	1.0000	VOC2012/JPEGImages/2010_001210.jpg
479	2	5	3.0000	0.4693	0.0400	0.6587	0.1360	VOC2007/JPEGImages/006549.jpg
480	2	5	8.0000	0.4240	0.5240	0.6220	1.0000	VOC2012/JPEGImages/2009_001976.jpg
481	2	5	8.0000	0.4507	0.4200	0.6853	0.7180	8.0000	0.6800	0.3520	0.7707	0.5220	8.0000	0.5120	0.3580	0.6987	0.6520	8.0000	0.6613	0.4320	0.9493	0.7200	15.0000	0.4347	0.1020	0.5813	0.3720	10.0000	0.2827	0.3900	1.0000	0.6960	VOC2007/JPEGImages/005531.jpg
482	2	5	11.0000	0.2440	0.0308	0.6720	0.6246	16.0000	0.1960	0.4930	0.8500	1.0000	VOC2012/JPEGImages/2008_000099.jpg
483	2	5	1.0000	0.3620	0.3867	0.5980	1.0000	14.0000	0.7020	0.0027	0.8300	0.8107	14.0000	0.1260	0.4827	0.4220	0.9760	14.0000	0.8240	0.0213	0.9660	0.8267	VOC2012/JPEGImages/2011_001612.jpg
484	2	5	11.0000	0.1940	0.1740	0.4840	0.5091	11.0000	0.3600	0.3558	0.8200	0.6883	8.0000	0.6400	0.0026	1.0000	0.4987	VOC2012/JPEGImages/2009_004229.jpg
485	2	5	4.0000	0.7286	0.2480	0.9371	0.3240	14.0000	0.0429	0.0180	0.7714	1.0000	VOC2012/JPEGImages/2011_003240.jpg
486	2	5	6.0000	0.0458	0.2580	1.0000	0.9820	6.0000	0.0917	0.3760	0.2167	0.4280	6.0000	0.0042	0.3860	0.0708	0.4340	VOC2012/JPEGImages/2011_000076.jpg
487	2	5	19.0000	0.5820	0.6686	0.8380	1.0000	8.0000	0.3460	0.5843	0.5180	0.9157	19.0000	0.1740	0.4244	0.3080	0.5610	VOC2007/JPEGImages/000598.jpg
488	2	5	17.0000	0.0020	0.0027	0.9960	1.0000	14.0000	0.0900	0.0533	1.0000	0.9280	VOC2012/JPEGImages/2011_001201.jpg
489	2	5	14.0000	0.5820	0.4907	0.7360	1.0000	14.0000	0.7240	0.4960	0.8980	1.0000	VOC2007/JPEGImages/001918.jpg
490	2	5	19.0000	0.2400	0.1111	0.7100	0.6817	8.0000	0.1420	0.8829	0.6600	1.0000	VOC2012/JPEGImages/2009_002652.jpg
491	2	5	0.0000	0.4560	0.3867	0.8760	0.5947	VOC2012/JPEGImages/2010_000392.jpg
492	2	5	4.0000	0.3800	0.7173	0.5920	1.0000	4.0000	0.0020	0.3600	0.3020	0.7067	6.0000	0.8740	0.4827	1.0000	0.6267	14.0000	0.1380	0.1573	0.2940	0.4933	14.0000	0.0020	0.0907	0.9060	1.0000	VOC2012/JPEGImages/2010_005409.jpg
493	2	5	10.0000	0.5980	0.4685	1.0000	0.9369	8.0000	0.5940	0.4535	0.7100	0.7387	8.0000	0.6360	0.4865	0.7600	0.8048	8.0000	0.6980	0.5105	0.8440	0.8919	8.0000	0.8320	0.5165	0.9980	0.8709	8.0000	0.7800	0.4565	0.8300	0.5165	8.0000	0.5520	0.4324	0.6360	0.6336	8.0000	0.2720	0.4835	0.3700	0.6517	8.0000	0.2720	0.3934	0.3500	0.4715	17.0000	0.3860	0.4174	0.5400	0.5976	17.0000	0.0520	0.4024	0.2040	0.6126	8.0000	0.1080	0.5676	0.3140	0.9249	8.0000	0.7920	0.4865	0.9020	0.8078	VOC2012/JPEGImages/2008_002508.jpg
494	2	5	11.0000	0.0660	0.2880	0.9380	0.6933	VOC2012/JPEGImages/2010_002759.jpg
495	2	5	1.0000	0.2816	0.4640	0.7241	1.0000	14.0000	0.2644	0.0520	0.7270	0.9720	VOC2007/JPEGImages/001309.jpg
496	2	5	7.0000	0.1140	0.0187	0.7680	0.5307	14.0000	0.3100	0.3227	0.9000	0.9867	VOC2012/JPEGImages/2008_006341.jpg
497	2	5	14.0000	0.5200	0.3193	0.9880	1.0000	VOC2012/JPEGImages/2008_004544.jpg
498	2	5	7.0000	0.2760	0.3675	0.5720	0.7094	7.0000	0.3940	0.4843	0.6760	0.6581	VOC2012/JPEGImages/2008_002225.jpg
499	2	5	9.0000	0.1140	0.0053	0.8700	1.0000	VOC2012/JPEGImages/2008_004394.jpg
500	2	5	6.0000	0.1407	0.7320	0.8410	0.9160	6.0000	0.0367	0.7020	0.1988	0.7900	VOC2007/JPEGImages/006203.jpg
501	2	5	14.0000	0.0040	0.2373	0.7960	1.0000	14.0000	0.2780	0.2480	0.5280	1.0000	14.0000	0.2600	0.1440	0.5900	0.7653	14.0000	0.5280	0.1760	0.8720	0.6000	14.0000	0.5180	0.1733	0.9020	1.0000	14.0000	0.9100	0.4533	1.0000	1.0000	4.0000	0.1260	0.5147	0.1820	0.7947	4.0000	0.4360	0.7813	0.4840	0.9680	4.0000	0.7920	0.2267	0.8380	0.3867	4.0000	0.2920	0.0960	0.3560	0.2373	4.0000	0.4660	0.3600	0.5040	0.4853	4.0000	0.5260	0.5867	0.6000	0.7653	4.0000	0.0360	0.8080	0.1140	0.9227	VOC2007/JPEGImages/006908.jpg
502	2	5	8.0000	0.7780	0.5707	0.9040	0.8747	8.0000	0.7040	0.8000	0.7860	1.0000	8.0000	0.2720	0.6587	0.4740	0.7760	8.0000	0.0020	0.5413	0.1140	0.7920	10.0000	0.0020	0.7413	0.5900	1.0000	10.0000	0.8620	0.6373	1.0000	1.0000	19.0000	0.3880	0.2640	0.6300	0.4560	8.0000	0.8380	0.7173	1.0000	1.0000	15.0000	0.0160	0.0800	0.2620	0.6213	17.0000	0.8860	0.4640	1.0000	0.6667	VOC2012/JPEGImages/2008_005954.jpg
503	2	5	0.0000	0.0020	0.0107	1.0000	1.0000	VOC2007/JPEGImages/007033.jpg
504	2	5	5.0000	0.5820	0.5856	1.0000	0.9760	VOC2007/JPEGImages/007002.jpg
505	2	5	11.0000	0.2800	0.0781	1.0000	1.0000	VOC2012/JPEGImages/2009_000953.jpg
506	2	5	18.0000	0.3200	0.4000	0.5720	0.7134	VOC2007/JPEGImages/000198.jpg
507	2	5	7.0000	0.0020	0.0674	0.9180	0.9971	VOC2012/JPEGImages/2010_001555.jpg
508	2	5	0.0000	0.0500	0.3874	0.6960	0.6186	VOC2012/JPEGImages/2008_008300.jpg
509	2	5	11.0000	0.0060	0.2660	0.7800	0.9940	VOC2007/JPEGImages/004565.jpg
510	2	5	14.0000	0.0781	0.3260	0.3063	0.6540	14.0000	0.1411	0.4060	0.4715	0.7040	1.0000	0.3213	0.6420	0.7087	0.8540	VOC2012/JPEGImages/2010_003703.jpg
511	2	5	14.0000	0.2060	0.3393	0.5940	1.0000	2.0000	0.4680	0.3844	0.6660	0.8559	14.0000	0.4900	0.1802	0.6500	0.4234	14.0000	0.4860	0.0030	0.5960	0.2523	14.0000	0.5740	0.1141	0.7060	0.5105	14.0000	0.5940	0.0030	0.7780	0.3514	14.0000	0.6940	0.0090	0.7740	0.3183	14.0000	0.6780	0.0030	0.8320	0.2402	14.0000	0.7800	0.0571	0.8860	0.3363	14.0000	0.8420	0.0030	0.9620	0.4895	VOC2012/JPEGImages/2010_005960.jpg
512	2	5	11.0000	0.3980	0.0030	0.9980	0.9970	VOC2012/JPEGImages/2011_001868.jpg
513	2	5	7.0000	0.0820	0.0031	0.9360	0.6810	VOC2012/JPEGImages/2009_000614.jpg
514	2	5	13.0000	0.2892	0.0020	1.0000	1.0000	13.0000	0.0022	0.0020	1.0000	0.8960	VOC2012/JPEGImages/2009_001206.jpg
515	2	5	7.0000	0.0860	0.1468	0.6560	0.9801	VOC2012/JPEGImages/2009_001008.jpg
516	2	5	3.0000	0.0486	0.3439	0.2914	0.8466	3.0000	0.3086	0.3175	0.9829	0.8413	VOC2012/JPEGImages/2008_005536.jpg
517	2	5	9.0000	0.3640	0.5093	0.5140	0.6187	11.0000	0.3920	0.6107	0.4780	0.6720	VOC2012/JPEGImages/2010_004030.jpg
518	2	5	11.0000	0.1980	0.1760	0.8760	1.0000	VOC2012/JPEGImages/2008_006356.jpg
519	2	5	4.0000	0.1300	0.2800	0.2460	0.7147	14.0000	0.0620	0.0133	0.9260	1.0000	VOC2012/JPEGImages/2008_005812.jpg
520	2	5	15.0000	0.5960	0.2853	0.8620	0.9627	15.0000	0.2500	0.4960	0.8360	1.0000	15.0000	0.1040	0.2507	0.4360	1.0000	VOC2012/JPEGImages/2010_005455.jpg
521	2	5	1.0000	0.0020	0.0419	0.4080	1.0000	VOC2012/JPEGImages/2009_004242.jpg
522	2	5	14.0000	0.6453	0.7220	0.9653	0.9800	14.0000	0.5413	0.6560	0.8320	0.9160	1.0000	0.3253	0.4780	0.5280	0.7780	1.0000	0.5813	0.4960	0.8080	0.7440	14.0000	0.4160	0.3520	0.4747	0.4400	14.0000	0.3307	0.3700	0.3787	0.4340	VOC2012/JPEGImages/2008_006855.jpg
523	2	5	11.0000	0.4240	0.0634	0.9600	1.0000	VOC2012/JPEGImages/2010_003439.jpg
524	2	5	2.0000	0.4200	0.2086	0.6520	0.9278	VOC2012/JPEGImages/2011_002016.jpg
525	2	5	14.0000	0.2763	0.0140	0.9901	0.9680	14.0000	0.0033	0.6360	0.2993	1.0000	14.0000	0.2204	0.5460	0.3914	0.6960	6.0000	0.0033	0.4980	0.5789	0.6920	14.0000	0.8322	0.4260	0.8947	0.5380	VOC2007/JPEGImages/002584.jpg
526	2	5	6.0000	0.9020	0.5582	0.9940	0.6776	6.0000	0.7960	0.5552	0.8240	0.6000	6.0000	0.7520	0.5433	0.7940	0.6060	6.0000	0.7300	0.5612	0.7740	0.6060	6.0000	0.6720	0.5284	0.7320	0.6179	VOC2007/JPEGImages/008197.jpg
527	2	5	8.0000	0.4880	0.6133	0.7520	1.0000	8.0000	0.0080	0.6240	0.4600	1.0000	14.0000	0.4020	0.5733	0.8320	0.9973	14.0000	0.0940	0.4907	0.1900	0.7547	14.0000	0.4420	0.5173	0.5060	0.7280	VOC2007/JPEGImages/003664.jpg
528	2	5	10.0000	0.1060	0.3707	0.8080	1.0000	15.0000	0.6540	0.0533	0.7140	0.2427	8.0000	0.5680	0.2853	0.9280	0.9920	8.0000	0.0020	0.3387	0.4860	1.0000	8.0000	0.5400	0.2027	0.7480	0.4320	8.0000	0.1220	0.2267	0.3200	0.4453	VOC2007/JPEGImages/004991.jpg
529	2	5	18.0000	0.0020	0.2557	1.0000	0.8305	18.0000	0.2720	0.2443	0.7020	0.8362	VOC2012/JPEGImages/2008_004367.jpg
530	2	5	3.0000	0.1520	0.1440	0.8260	0.6427	3.0000	0.0020	0.2640	0.3020	0.6427	VOC2012/JPEGImages/2008_003458.jpg
531	2	5	1.0000	0.0020	0.5360	0.9880	1.0000	6.0000	0.1100	0.3893	0.8260	0.9760	14.0000	0.3460	0.0320	0.5860	1.0000	14.0000	0.3120	0.0160	0.8320	1.0000	VOC2012/JPEGImages/2011_001632.jpg
532	2	5	7.0000	0.4420	0.1733	0.7540	0.6480	VOC2012/JPEGImages/2010_005791.jpg
533	2	5	17.0000	0.7093	0.3460	1.0000	0.7960	10.0000	0.0107	0.5240	0.8747	1.0000	15.0000	0.5680	0.3000	0.7467	0.5040	VOC2007/JPEGImages/007673.jpg
534	2	5	6.0000	0.0020	0.1333	0.3080	0.4133	6.0000	0.0360	0.1600	0.9760	0.9280	VOC2012/JPEGImages/2010_003206.jpg
535	2	5	19.0000	0.4440	0.5867	1.0000	0.9947	14.0000	0.0020	0.0027	0.4960	1.0000	VOC2007/JPEGImages/008302.jpg
536	2	5	5.0000	0.0020	0.0080	1.0000	0.9893	14.0000	0.6320	0.4667	0.7380	0.5973	14.0000	0.3020	0.4720	0.3720	0.5760	14.0000	0.5260	0.4960	0.5640	0.6027	14.0000	0.4660	0.4853	0.5280	0.5840	VOC2012/JPEGImages/2011_002780.jpg
537	2	5	6.0000	0.1000	0.3333	0.8880	0.8400	14.0000	0.0060	0.1253	0.1620	0.7653	14.0000	0.3620	0.1813	0.4700	0.3867	14.0000	0.5560	0.2267	0.6440	0.3387	VOC2012/JPEGImages/2008_000979.jpg
538	2	5	2.0000	0.3900	0.0060	0.9460	0.2635	2.0000	0.0120	0.3653	0.9460	0.7485	VOC2012/JPEGImages/2010_000393.jpg
539	2	5	14.0000	0.0200	0.0030	0.9600	1.0000	14.0000	0.8360	0.0360	1.0000	0.5015	14.0000	0.0020	0.0030	0.1380	0.8679	10.0000	0.8500	0.3664	1.0000	0.5075	VOC2012/JPEGImages/2008_002117.jpg
540	2	5	7.0000	0.1787	0.6760	0.7093	0.9020	14.0000	0.1307	0.1480	0.9920	0.8880	17.0000	0.0053	0.3000	0.9947	0.9980	VOC2007/JPEGImages/009306.jpg
541	2	5	11.0000	0.2800	0.1573	0.9260	0.6747	14.0000	0.0060	0.0027	0.2200	0.5067	14.0000	0.1740	0.0027	0.3920	0.2880	14.0000	0.5120	0.0027	0.7260	0.2373	14.0000	0.8160	0.0027	1.0000	1.0000	VOC2012/JPEGImages/2010_001032.jpg
542	2	5	12.0000	0.1020	0.2745	0.8580	0.7199	VOC2012/JPEGImages/2009_001036.jpg
543	2	5	14.0000	0.0160	0.3467	0.5420	1.0000	14.0000	0.4960	0.3760	0.7860	0.9467	14.0000	0.7440	0.4240	1.0000	1.0000	14.0000	0.4820	0.1120	0.7480	0.6853	14.0000	0.1780	0.1227	0.4580	0.6693	14.0000	0.0460	0.3973	0.1700	0.7387	VOC2012/JPEGImages/2009_005045.jpg
544	2	5	1.0000	0.5180	0.7760	0.7540	0.9920	1.0000	0.5780	0.5173	0.6080	0.5973	VOC2012/JPEGImages/2011_002150.jpg
545	2	5	8.0000	0.6053	0.4920	0.7733	0.6220	10.0000	0.0720	0.5700	0.3867	0.6300	17.0000	0.2880	0.5180	0.5200	0.6360	8.0000	0.2507	0.5320	0.3413	0.5820	8.0000	0.2080	0.5480	0.3760	0.7800	8.0000	0.0027	0.5760	0.1947	0.8140	14.0000	0.1040	0.4820	0.1600	0.5260	14.0000	0.0293	0.5060	0.3093	0.7660	8.0000	0.4533	0.5360	0.6747	0.6700	4.0000	0.1413	0.5260	0.1787	0.5940	4.0000	0.1707	0.5260	0.2000	0.5880	4.0000	0.1947	0.5280	0.2187	0.5960	4.0000	0.2080	0.5180	0.2320	0.5920	VOC2007/JPEGImages/009613.jpg
546	2	5	7.0000	0.1380	0.0667	0.5380	0.7707	7.0000	0.4860	0.1467	1.0000	1.0000	17.0000	0.0020	0.1067	1.0000	1.0000	VOC2012/JPEGImages/2008_003430.jpg
547	2	5	13.0000	0.2360	0.1227	1.0000	0.8267	14.0000	0.5820	0.0053	0.9440	0.7253	VOC2007/JPEGImages/001941.jpg
548	2	5	8.0000	0.3067	0.4180	0.8400	0.9500	VOC2012/JPEGImages/2009_000209.jpg
549	2	5	11.0000	0.0020	0.0030	0.5600	0.9970	VOC2012/JPEGImages/2010_001687.jpg
550	2	5	18.0000	0.0020	0.0033	1.0000	0.9870	VOC2012/JPEGImages/2008_000373.jpg
551	2	5	14.0000	0.5820	0.3784	1.0000	1.0000	VOC2012/JPEGImages/2008_002248.jpg
552	2	5	11.0000	0.2605	0.0833	0.7488	0.6493	14.0000	0.7116	0.0521	0.9767	0.9688	VOC2012/JPEGImages/2010_003588.jpg
553	2	5	19.0000	0.4320	0.1813	0.9160	0.6160	15.0000	0.1200	0.7040	0.2400	0.8587	15.0000	0.0340	0.3360	0.1960	0.7893	VOC2012/JPEGImages/2008_003434.jpg
554	2	5	12.0000	0.2960	0.3493	0.6340	0.8053	VOC2012/JPEGImages/2008_001682.jpg
555	2	5	18.0000	0.0020	0.3787	0.9960	0.6533	VOC2007/JPEGImages/003244.jpg
556	2	5	0.0000	0.0020	0.0030	1.0000	0.9551	VOC2012/JPEGImages/2009_000327.jpg
557	2	5	16.0000	0.0053	0.6080	0.3973	1.0000	14.0000	0.3627	0.1480	0.8320	0.9220	14.0000	0.7467	0.1880	1.0000	1.0000	14.0000	0.2267	0.2360	0.3173	0.5480	14.0000	0.0373	0.2300	0.1440	0.4340	14.0000	0.1067	0.2580	0.2453	0.5980	VOC2007/JPEGImages/009349.jpg
558	2	5	13.0000	0.0100	0.0587	1.0000	0.8933	VOC2012/JPEGImages/2010_000255.jpg
559	2	5	13.0000	0.0021	0.4437	0.8354	1.0000	13.0000	0.0063	0.2750	0.5542	0.7156	14.0000	0.4813	0.1375	0.7083	0.9875	14.0000	0.2333	0.2281	0.5583	1.0000	14.0000	0.1625	0.0906	0.4417	0.5031	6.0000	0.0021	0.0375	0.2687	0.5031	6.0000	0.4104	0.0250	0.5083	0.1250	6.0000	0.5396	0.0094	0.6438	0.1281	6.0000	0.2875	0.0031	0.3896	0.1094	VOC2012/JPEGImages/2011_002598.jpg
560	2	5	11.0000	0.2440	0.3627	0.6840	0.9493	VOC2012/JPEGImages/2010_000456.jpg
561	2	5	11.0000	0.0840	0.3333	0.4060	0.8800	11.0000	0.3900	0.3627	0.5900	0.7680	11.0000	0.5660	0.3013	0.9920	0.6427	17.0000	0.0020	0.0053	1.0000	0.8987	VOC2007/JPEGImages/001127.jpg
562	2	5	7.0000	0.1360	0.4112	0.9940	0.8706	VOC2007/JPEGImages/005769.jpg
563	2	5	14.0000	0.3540	0.4293	0.6740	1.0000	8.0000	0.0800	0.6187	0.2940	1.0000	10.0000	0.4160	0.7227	0.9580	1.0000	1.0000	0.7360	0.5973	1.0000	0.9760	VOC2012/JPEGImages/2008_002384.jpg
564	2	5	14.0000	0.0031	0.5520	1.0000	1.0000	14.0000	0.2226	0.0020	1.0000	0.6380	VOC2012/JPEGImages/2010_003003.jpg
565	2	5	14.0000	0.1260	0.0027	0.5960	0.7787	11.0000	0.3220	0.6053	0.7900	1.0000	VOC2007/JPEGImages/005613.jpg
566	2	5	14.0000	0.6640	0.1280	1.0000	1.0000	14.0000	0.0020	0.0560	0.4220	1.0000	14.0000	0.3600	0.1600	0.7680	1.0000	4.0000	0.5920	0.8747	0.6480	1.0000	VOC2012/JPEGImages/2008_002506.jpg
567	2	5	4.0000	0.4300	0.1760	0.6180	0.9867	8.0000	0.0760	0.0027	0.8940	0.8027	VOC2007/JPEGImages/008141.jpg
568	2	5	3.0000	0.1980	0.0030	0.3980	0.6997	3.0000	0.4980	0.0030	0.6980	0.6727	3.0000	0.6740	0.0030	0.8360	0.6336	14.0000	0.1660	0.5165	0.2200	0.7327	14.0000	0.2020	0.5135	0.2640	0.7417	14.0000	0.4780	0.5075	0.5440	0.6877	14.0000	0.5760	0.5045	0.6200	0.5856	14.0000	0.6520	0.4925	0.7020	0.5766	14.0000	0.7480	0.4955	0.7980	0.6607	14.0000	0.7260	0.5045	0.7700	0.5766	VOC2012/JPEGImages/2011_000347.jpg
569	2	5	14.0000	0.0800	0.2045	0.5260	0.7955	16.0000	0.3380	0.1981	0.8340	0.7284	VOC2012/JPEGImages/2009_003076.jpg
570	2	5	7.0000	0.3760	0.1261	1.0000	1.0000	7.0000	0.0520	0.0504	0.9800	1.0000	VOC2012/JPEGImages/2010_002371.jpg
571	2	5	14.0000	0.7180	0.3413	0.9200	1.0000	14.0000	0.0320	0.3627	0.1300	0.7573	14.0000	0.0020	0.3493	0.1120	0.8107	VOC2007/JPEGImages/004723.jpg
572	2	5	7.0000	0.0020	0.0028	1.0000	1.0000	VOC2012/JPEGImages/2008_007130.jpg
573	2	5	14.0000	0.2840	0.2347	0.8340	0.9840	VOC2012/JPEGImages/2008_001170.jpg
574	2	5	18.0000	0.1100	0.4320	0.8780	0.6880	VOC2012/JPEGImages/2008_004663.jpg
575	2	5	6.0000	0.0020	0.0027	1.0000	1.0000	VOC2012/JPEGImages/2010_000526.jpg
576	2	5	14.0000	0.0613	0.4840	0.5280	0.8280	14.0000	0.2613	0.1540	0.8853	0.8680	VOC2007/JPEGImages/002841.jpg
577	2	5	0.0000	0.2120	0.3483	0.8660	0.6276	VOC2012/JPEGImages/2009_003033.jpg
578	2	5	17.0000	0.0020	0.0693	1.0000	1.0000	14.0000	0.2660	0.1680	0.6220	0.7973	VOC2012/JPEGImages/2009_001212.jpg
579	2	5	19.0000	0.0080	0.0080	1.0000	1.0000	VOC2007/JPEGImages/001752.jpg
580	2	5	14.0000	0.4060	0.3724	0.5900	0.8829	14.0000	0.1060	0.3183	0.3060	0.8829	14.0000	0.2500	0.1502	0.4540	0.6937	8.0000	0.6020	0.5375	0.7640	0.9790	VOC2007/JPEGImages/006690.jpg
581	2	5	11.0000	0.1960	0.1467	0.6940	0.9067	VOC2007/JPEGImages/003935.jpg
582	2	5	5.0000	0.0040	0.4075	0.2000	0.7962	5.0000	0.4000	0.2604	1.0000	0.8717	13.0000	0.7320	0.5170	1.0000	0.9094	14.0000	0.8140	0.3774	0.9600	0.8264	14.0000	0.2520	0.4226	0.3140	0.7283	14.0000	0.3420	0.4226	0.4060	0.7245	14.0000	0.4900	0.4189	0.5420	0.5396	14.0000	0.4480	0.4377	0.4920	0.5434	VOC2007/JPEGImages/003576.jpg
583	2	5	14.0000	0.4400	0.1947	0.8300	0.7333	14.0000	0.3160	0.2293	1.0000	0.9707	14.0000	0.0020	0.1973	0.3220	1.0000	VOC2012/JPEGImages/2008_001802.jpg
584	2	5	9.0000	0.0200	0.0640	1.0000	0.9973	VOC2012/JPEGImages/2010_004322.jpg
585	2	5	4.0000	0.3620	0.2027	0.4760	0.4880	VOC2007/JPEGImages/009027.jpg
586	2	5	18.0000	0.0020	0.0027	0.9200	1.0000	14.0000	0.3060	0.3467	0.4640	1.0000	14.0000	0.4600	0.4267	0.6220	1.0000	14.0000	0.9340	0.2773	0.9720	0.3867	14.0000	0.8820	0.2720	0.9320	0.4453	14.0000	0.8320	0.2720	0.8940	0.5360	VOC2012/JPEGImages/2008_005825.jpg
587	2	5	14.0000	0.3300	0.0023	0.5740	0.6005	12.0000	0.1420	0.3002	0.7760	0.9700	VOC2012/JPEGImages/2009_000843.jpg
588	2	5	14.0000	0.3440	0.8133	0.4080	0.9893	5.0000	0.5720	0.6640	1.0000	0.9733	13.0000	0.1800	0.8667	0.3560	0.9920	6.0000	0.3620	0.8453	0.5660	0.9547	14.0000	0.0480	0.8160	0.0820	0.9067	14.0000	0.2420	0.8240	0.3020	0.9813	14.0000	0.2780	0.8160	0.3480	0.9680	14.0000	0.3460	0.8240	0.4100	0.9867	13.0000	0.3640	0.8853	0.4300	0.9733	14.0000	0.3880	0.8213	0.4120	0.8827	15.0000	0.7340	0.5787	0.7500	0.6053	14.0000	0.8980	0.3973	0.9300	0.4267	VOC2012/JPEGImages/2010_004844.jpg
589	2	5	11.0000	0.0027	0.2600	0.9387	0.5980	8.0000	0.7440	0.0020	0.9467	0.4540	VOC2012/JPEGImages/2010_005584.jpg
590	2	5	7.0000	0.0020	0.0320	1.0000	1.0000	14.0000	0.0040	0.0020	0.9980	0.8520	VOC2012/JPEGImages/2009_000132.jpg
591	2	5	17.0000	0.0053	0.4580	1.0000	1.0000	14.0000	0.2507	0.3600	0.8000	0.8580	14.0000	0.4720	0.2240	0.6000	0.3480	14.0000	0.0773	0.0040	0.2027	0.1260	14.0000	0.1893	0.0060	0.3147	0.1220	14.0000	0.1920	0.2460	0.2560	0.3420	VOC2007/JPEGImages/003953.jpg
592	2	5	1.0000	0.1145	0.6880	0.6837	1.0000	4.0000	0.4367	0.8280	0.5301	0.9000	14.0000	0.1265	0.3200	0.6747	1.0000	VOC2012/JPEGImages/2010_003603.jpg
593	2	5	2.0000	0.2920	0.3413	0.5720	0.8907	VOC2007/JPEGImages/009099.jpg
594	2	5	14.0000	0.0240	0.1562	0.6240	1.0000	14.0000	0.4380	0.3934	0.9340	0.9970	17.0000	0.0060	0.2523	0.9980	1.0000	VOC2007/JPEGImages/001514.jpg
595	2	5	14.0000	0.1625	0.2920	0.7688	0.9600	VOC2012/JPEGImages/2008_003884.jpg
596	2	5	7.0000	0.0300	0.3280	1.0000	0.7253	VOC2012/JPEGImages/2008_004640.jpg
597	2	5	2.0000	0.0140	0.0338	0.9900	1.0000	VOC2012/JPEGImages/2008_001495.jpg
598	2	5	8.0000	0.3273	0.4400	0.6997	0.8900	10.0000	0.1471	0.4880	0.8679	0.8440	8.0000	0.7477	0.4420	0.8498	0.8140	8.0000	0.1261	0.4420	0.2703	0.8160	8.0000	0.1982	0.4420	0.2763	0.5060	VOC2012/JPEGImages/2009_002452.jpg
599	2	5	14.0000	0.3420	0.2646	0.4620	0.6602	VOC2007/JPEGImages/005824.jpg
